/lab_data/behrmannlab/image_sets//imagenet_sketch
libs loaded
convnext_imagenet_sketch
=> loading checkpoint '/lab_data/behrmannlab/vlad/kornet/modelling/weights/convnext_imagenet_sketch_checkpoint_1.pth.tar'
=> loaded checkpoint '/lab_data/behrmannlab/vlad/kornet/modelling/weights/convnext_imagenet_sketch_checkpoint_1.pth.tar' (epoch 16)
starting training...
Epoch: 16 	Training Loss: 0.040526 	Validation Loss: 0.879211 Test Accuracy: 0.822
Epoch: 17 	Training Loss: 0.037521 	Validation Loss: 0.879760 Test Accuracy: 0.822
Epoch: 18 	Training Loss: 0.034246 	Validation Loss: 0.877953 Test Accuracy: 0.823
Epoch: 19 	Training Loss: 0.033202 	Validation Loss: 0.877008 Test Accuracy: 0.825
Epoch: 20 	Training Loss: 0.031428 	Validation Loss: 0.879151 Test Accuracy: 0.823
Epoch: 21 	Training Loss: 0.030884 	Validation Loss: 0.886503 Test Accuracy: 0.824
Epoch: 22 	Training Loss: 0.029219 	Validation Loss: 0.884231 Test Accuracy: 0.823
Epoch: 23 	Training Loss: 0.027113 	Validation Loss: 0.884771 Test Accuracy: 0.823
Epoch: 24 	Training Loss: 0.025819 	Validation Loss: 0.886499 Test Accuracy: 0.823
Epoch: 25 	Training Loss: 0.023621 	Validation Loss: 0.884611 Test Accuracy: 0.824
Epoch: 26 	Training Loss: 0.035426 	Validation Loss: 0.884998 Test Accuracy: 0.823
Epoch: 27 	Training Loss: 0.034705 	Validation Loss: 0.883668 Test Accuracy: 0.824
Epoch: 28 	Training Loss: 0.034833 	Validation Loss: 0.881312 Test Accuracy: 0.823
Epoch: 29 	Training Loss: 0.034998 	Validation Loss: 0.883726 Test Accuracy: 0.823
Epoch: 30 	Training Loss: 0.034262 	Validation Loss: 0.883726 Test Accuracy: 0.823
