/user_data/vayzenbe/GitHub_Repos/vonenet/vonenet/params.py:59: RuntimeWarning: invalid value encountered in true_divide
  ny_dist_marg = n_joint_dist / n_joint_dist.sum(axis=1, keepdims=True)
/home/vayzenbe/anaconda3/envs/ml/lib/python3.9/site-packages/torch/functional.py:478: UserWarning: torch.meshgrid: in an upcoming release, it will be required to pass the indexing argument. (Triggered internally at  /opt/conda/conda-bld/pytorch_1659484775609/work/aten/src/ATen/native/TensorShape.cpp:2895.)
  return _VF.meshgrid(tensors, **kwargs)  # type: ignore[attr-defined]
libs loaded
cornets_r_
cornets_r_
Neuronal distributions gabor parameters
Model:  VOneCORnet-S
starting training...
/home/vayzenbe/anaconda3/envs/ml/lib/python3.9/site-packages/PIL/TiffImagePlugin.py:858: UserWarning: Corrupt EXIF data.  Expecting to read 2 bytes but only got 0. 
  warnings.warn(str(msg))
/home/vayzenbe/anaconda3/envs/ml/lib/python3.9/site-packages/PIL/TiffImagePlugin.py:858: UserWarning: Truncated File Read
  warnings.warn(str(msg))
/home/vayzenbe/anaconda3/envs/ml/lib/python3.9/site-packages/PIL/TiffImagePlugin.py:858: UserWarning: Corrupt EXIF data.  Expecting to read 2 bytes but only got 0. 
  warnings.warn(str(msg))
/home/vayzenbe/anaconda3/envs/ml/lib/python3.9/site-packages/PIL/TiffImagePlugin.py:858: UserWarning: Corrupt EXIF data.  Expecting to read 2 bytes but only got 0. 
  warnings.warn(str(msg))
/home/vayzenbe/anaconda3/envs/ml/lib/python3.9/site-packages/PIL/TiffImagePlugin.py:858: UserWarning: Truncated File Read
  warnings.warn(str(msg))
/home/vayzenbe/anaconda3/envs/ml/lib/python3.9/site-packages/PIL/Image.py:3167: DecompressionBombWarning: Image size (111224503 pixels) exceeds limit of 89478485 pixels, could be decompression bomb DOS attack.
  warnings.warn(
/home/vayzenbe/anaconda3/envs/ml/lib/python3.9/site-packages/PIL/Image.py:3167: DecompressionBombWarning: Image size (100000000 pixels) exceeds limit of 89478485 pixels, could be decompression bomb DOS attack.
  warnings.warn(
/home/vayzenbe/anaconda3/envs/ml/lib/python3.9/site-packages/PIL/TiffImagePlugin.py:858: UserWarning: Corrupt EXIF data.  Expecting to read 2 bytes but only got 0. 
  warnings.warn(str(msg))
Epoch: 1 	Training Loss: 4.659360 	Validation Loss: 8.015708 Test Accuracy: 0.017
/home/vayzenbe/anaconda3/envs/ml/lib/python3.9/site-packages/PIL/TiffImagePlugin.py:858: UserWarning: Truncated File Read
  warnings.warn(str(msg))
/home/vayzenbe/anaconda3/envs/ml/lib/python3.9/site-packages/PIL/TiffImagePlugin.py:858: UserWarning: Corrupt EXIF data.  Expecting to read 2 bytes but only got 0. 
  warnings.warn(str(msg))
/home/vayzenbe/anaconda3/envs/ml/lib/python3.9/site-packages/PIL/TiffImagePlugin.py:858: UserWarning: Corrupt EXIF data.  Expecting to read 2 bytes but only got 0. 
  warnings.warn(str(msg))
/home/vayzenbe/anaconda3/envs/ml/lib/python3.9/site-packages/PIL/TiffImagePlugin.py:858: UserWarning: Corrupt EXIF data.  Expecting to read 2 bytes but only got 0. 
  warnings.warn(str(msg))
/home/vayzenbe/anaconda3/envs/ml/lib/python3.9/site-packages/PIL/TiffImagePlugin.py:858: UserWarning: Truncated File Read
  warnings.warn(str(msg))
/home/vayzenbe/anaconda3/envs/ml/lib/python3.9/site-packages/PIL/Image.py:3167: DecompressionBombWarning: Image size (100000000 pixels) exceeds limit of 89478485 pixels, could be decompression bomb DOS attack.
  warnings.warn(
/home/vayzenbe/anaconda3/envs/ml/lib/python3.9/site-packages/PIL/TiffImagePlugin.py:858: UserWarning: Corrupt EXIF data.  Expecting to read 2 bytes but only got 0. 
  warnings.warn(str(msg))
/home/vayzenbe/anaconda3/envs/ml/lib/python3.9/site-packages/PIL/TiffImagePlugin.py:858: UserWarning: Truncated File Read
  warnings.warn(str(msg))
/home/vayzenbe/anaconda3/envs/ml/lib/python3.9/site-packages/PIL/Image.py:3167: DecompressionBombWarning: Image size (111224503 pixels) exceeds limit of 89478485 pixels, could be decompression bomb DOS attack.
  warnings.warn(
Epoch: 2 	Training Loss: 3.898820 	Validation Loss: 7.310506 Test Accuracy: 0.033
/home/vayzenbe/anaconda3/envs/ml/lib/python3.9/site-packages/PIL/TiffImagePlugin.py:858: UserWarning: Corrupt EXIF data.  Expecting to read 2 bytes but only got 0. 
  warnings.warn(str(msg))
/home/vayzenbe/anaconda3/envs/ml/lib/python3.9/site-packages/PIL/TiffImagePlugin.py:858: UserWarning: Corrupt EXIF data.  Expecting to read 2 bytes but only got 0. 
  warnings.warn(str(msg))
/home/vayzenbe/anaconda3/envs/ml/lib/python3.9/site-packages/PIL/TiffImagePlugin.py:858: UserWarning: Corrupt EXIF data.  Expecting to read 2 bytes but only got 0. 
  warnings.warn(str(msg))
/home/vayzenbe/anaconda3/envs/ml/lib/python3.9/site-packages/PIL/TiffImagePlugin.py:858: UserWarning: Truncated File Read
  warnings.warn(str(msg))
/home/vayzenbe/anaconda3/envs/ml/lib/python3.9/site-packages/PIL/TiffImagePlugin.py:858: UserWarning: Truncated File Read
  warnings.warn(str(msg))
/home/vayzenbe/anaconda3/envs/ml/lib/python3.9/site-packages/PIL/TiffImagePlugin.py:858: UserWarning: Truncated File Read
  warnings.warn(str(msg))
/home/vayzenbe/anaconda3/envs/ml/lib/python3.9/site-packages/PIL/TiffImagePlugin.py:858: UserWarning: Corrupt EXIF data.  Expecting to read 2 bytes but only got 0. 
  warnings.warn(str(msg))
/home/vayzenbe/anaconda3/envs/ml/lib/python3.9/site-packages/PIL/Image.py:3167: DecompressionBombWarning: Image size (100000000 pixels) exceeds limit of 89478485 pixels, could be decompression bomb DOS attack.
  warnings.warn(
/home/vayzenbe/anaconda3/envs/ml/lib/python3.9/site-packages/PIL/TiffImagePlugin.py:858: UserWarning: Truncated File Read
  warnings.warn(str(msg))
/home/vayzenbe/anaconda3/envs/ml/lib/python3.9/site-packages/PIL/Image.py:3167: DecompressionBombWarning: Image size (111224503 pixels) exceeds limit of 89478485 pixels, could be decompression bomb DOS attack.
  warnings.warn(
Epoch: 3 	Training Loss: 3.641561 	Validation Loss: 7.673191 Test Accuracy: 0.038
/home/vayzenbe/anaconda3/envs/ml/lib/python3.9/site-packages/PIL/TiffImagePlugin.py:858: UserWarning: Corrupt EXIF data.  Expecting to read 2 bytes but only got 0. 
  warnings.warn(str(msg))
/home/vayzenbe/anaconda3/envs/ml/lib/python3.9/site-packages/PIL/Image.py:3167: DecompressionBombWarning: Image size (111224503 pixels) exceeds limit of 89478485 pixels, could be decompression bomb DOS attack.
  warnings.warn(
/home/vayzenbe/anaconda3/envs/ml/lib/python3.9/site-packages/PIL/Image.py:3167: DecompressionBombWarning: Image size (100000000 pixels) exceeds limit of 89478485 pixels, could be decompression bomb DOS attack.
  warnings.warn(
/home/vayzenbe/anaconda3/envs/ml/lib/python3.9/site-packages/PIL/TiffImagePlugin.py:858: UserWarning: Truncated File Read
  warnings.warn(str(msg))
/home/vayzenbe/anaconda3/envs/ml/lib/python3.9/site-packages/PIL/TiffImagePlugin.py:858: UserWarning: Corrupt EXIF data.  Expecting to read 2 bytes but only got 0. 
  warnings.warn(str(msg))
/home/vayzenbe/anaconda3/envs/ml/lib/python3.9/site-packages/PIL/TiffImagePlugin.py:858: UserWarning: Corrupt EXIF data.  Expecting to read 2 bytes but only got 0. 
  warnings.warn(str(msg))
/home/vayzenbe/anaconda3/envs/ml/lib/python3.9/site-packages/PIL/TiffImagePlugin.py:858: UserWarning: Truncated File Read
  warnings.warn(str(msg))
/home/vayzenbe/anaconda3/envs/ml/lib/python3.9/site-packages/PIL/TiffImagePlugin.py:858: UserWarning: Corrupt EXIF data.  Expecting to read 2 bytes but only got 0. 
  warnings.warn(str(msg))
Epoch: 4 	Training Loss: 3.499609 	Validation Loss: 6.381091 Test Accuracy: 0.044
/home/vayzenbe/anaconda3/envs/ml/lib/python3.9/site-packages/PIL/TiffImagePlugin.py:858: UserWarning: Truncated File Read
  warnings.warn(str(msg))
/home/vayzenbe/anaconda3/envs/ml/lib/python3.9/site-packages/PIL/TiffImagePlugin.py:858: UserWarning: Corrupt EXIF data.  Expecting to read 2 bytes but only got 0. 
  warnings.warn(str(msg))
/home/vayzenbe/anaconda3/envs/ml/lib/python3.9/site-packages/PIL/TiffImagePlugin.py:858: UserWarning: Truncated File Read
  warnings.warn(str(msg))
/home/vayzenbe/anaconda3/envs/ml/lib/python3.9/site-packages/PIL/TiffImagePlugin.py:858: UserWarning: Corrupt EXIF data.  Expecting to read 2 bytes but only got 0. 
  warnings.warn(str(msg))
/home/vayzenbe/anaconda3/envs/ml/lib/python3.9/site-packages/PIL/TiffImagePlugin.py:858: UserWarning: Corrupt EXIF data.  Expecting to read 2 bytes but only got 0. 
  warnings.warn(str(msg))
/home/vayzenbe/anaconda3/envs/ml/lib/python3.9/site-packages/PIL/Image.py:3167: DecompressionBombWarning: Image size (111224503 pixels) exceeds limit of 89478485 pixels, could be decompression bomb DOS attack.
  warnings.warn(
/home/vayzenbe/anaconda3/envs/ml/lib/python3.9/site-packages/PIL/TiffImagePlugin.py:858: UserWarning: Corrupt EXIF data.  Expecting to read 2 bytes but only got 0. 
  warnings.warn(str(msg))
/home/vayzenbe/anaconda3/envs/ml/lib/python3.9/site-packages/PIL/Image.py:3167: DecompressionBombWarning: Image size (100000000 pixels) exceeds limit of 89478485 pixels, could be decompression bomb DOS attack.
  warnings.warn(
/home/vayzenbe/anaconda3/envs/ml/lib/python3.9/site-packages/PIL/Image.py:3167: DecompressionBombWarning: Image size (97484851 pixels) exceeds limit of 89478485 pixels, could be decompression bomb DOS attack.
  warnings.warn(
/home/vayzenbe/anaconda3/envs/ml/lib/python3.9/site-packages/PIL/TiffImagePlugin.py:858: UserWarning: Truncated File Read
  warnings.warn(str(msg))
Epoch: 5 	Training Loss: 3.412506 	Validation Loss: 7.444897 Test Accuracy: 0.046
/home/vayzenbe/anaconda3/envs/ml/lib/python3.9/site-packages/PIL/TiffImagePlugin.py:858: UserWarning: Corrupt EXIF data.  Expecting to read 2 bytes but only got 0. 
  warnings.warn(str(msg))
slurmstepd: error: *** JOB 1601355 ON mind-1-26 CANCELLED AT 2023-05-12T12:01:53 ***
