libs loaded
cornet_ff_ecoset
cornet_ff_ecoset
starting training...
/home/vayzenbe/anaconda3/envs/ml/lib/python3.9/site-packages/PIL/TiffImagePlugin.py:858: UserWarning: Corrupt EXIF data.  Expecting to read 2 bytes but only got 0. 
  warnings.warn(str(msg))
/home/vayzenbe/anaconda3/envs/ml/lib/python3.9/site-packages/PIL/TiffImagePlugin.py:858: UserWarning: Corrupt EXIF data.  Expecting to read 2 bytes but only got 0. 
  warnings.warn(str(msg))
/home/vayzenbe/anaconda3/envs/ml/lib/python3.9/site-packages/PIL/TiffImagePlugin.py:858: UserWarning: Corrupt EXIF data.  Expecting to read 2 bytes but only got 0. 
  warnings.warn(str(msg))
/home/vayzenbe/anaconda3/envs/ml/lib/python3.9/site-packages/PIL/TiffImagePlugin.py:858: UserWarning: Truncated File Read
  warnings.warn(str(msg))
/home/vayzenbe/anaconda3/envs/ml/lib/python3.9/site-packages/PIL/TiffImagePlugin.py:858: UserWarning: Corrupt EXIF data.  Expecting to read 2 bytes but only got 0. 
  warnings.warn(str(msg))
/home/vayzenbe/anaconda3/envs/ml/lib/python3.9/site-packages/PIL/Image.py:3167: DecompressionBombWarning: Image size (100000000 pixels) exceeds limit of 89478485 pixels, could be decompression bomb DOS attack.
  warnings.warn(
/home/vayzenbe/anaconda3/envs/ml/lib/python3.9/site-packages/PIL/TiffImagePlugin.py:858: UserWarning: Truncated File Read
  warnings.warn(str(msg))
/home/vayzenbe/anaconda3/envs/ml/lib/python3.9/site-packages/PIL/Image.py:3167: DecompressionBombWarning: Image size (111224503 pixels) exceeds limit of 89478485 pixels, could be decompression bomb DOS attack.
  warnings.warn(
/home/vayzenbe/anaconda3/envs/ml/lib/python3.9/site-packages/PIL/Image.py:3167: DecompressionBombWarning: Image size (103232952 pixels) exceeds limit of 89478485 pixels, could be decompression bomb DOS attack.
  warnings.warn(
Epoch: 1 	Training Loss: 4.722047 	Validation Loss: 107.451830 Test Accuracy: 0.002
/home/vayzenbe/anaconda3/envs/ml/lib/python3.9/site-packages/PIL/TiffImagePlugin.py:858: UserWarning: Truncated File Read
  warnings.warn(str(msg))
/home/vayzenbe/anaconda3/envs/ml/lib/python3.9/site-packages/PIL/TiffImagePlugin.py:858: UserWarning: Corrupt EXIF data.  Expecting to read 2 bytes but only got 0. 
  warnings.warn(str(msg))
/home/vayzenbe/anaconda3/envs/ml/lib/python3.9/site-packages/PIL/Image.py:3167: DecompressionBombWarning: Image size (100000000 pixels) exceeds limit of 89478485 pixels, could be decompression bomb DOS attack.
  warnings.warn(
/home/vayzenbe/anaconda3/envs/ml/lib/python3.9/site-packages/PIL/TiffImagePlugin.py:858: UserWarning: Truncated File Read
  warnings.warn(str(msg))
/home/vayzenbe/anaconda3/envs/ml/lib/python3.9/site-packages/PIL/TiffImagePlugin.py:858: UserWarning: Corrupt EXIF data.  Expecting to read 2 bytes but only got 0. 
  warnings.warn(str(msg))
/home/vayzenbe/anaconda3/envs/ml/lib/python3.9/site-packages/PIL/TiffImagePlugin.py:858: UserWarning: Corrupt EXIF data.  Expecting to read 2 bytes but only got 0. 
  warnings.warn(str(msg))
/home/vayzenbe/anaconda3/envs/ml/lib/python3.9/site-packages/PIL/TiffImagePlugin.py:858: UserWarning: Corrupt EXIF data.  Expecting to read 2 bytes but only got 0. 
  warnings.warn(str(msg))
/home/vayzenbe/anaconda3/envs/ml/lib/python3.9/site-packages/PIL/Image.py:3167: DecompressionBombWarning: Image size (111224503 pixels) exceeds limit of 89478485 pixels, could be decompression bomb DOS attack.
  warnings.warn(
/home/vayzenbe/anaconda3/envs/ml/lib/python3.9/site-packages/PIL/Image.py:3167: DecompressionBombWarning: Image size (91468489 pixels) exceeds limit of 89478485 pixels, could be decompression bomb DOS attack.
  warnings.warn(
Epoch: 2 	Training Loss: 4.034254 	Validation Loss: 59.714841 Test Accuracy: 0.002
/home/vayzenbe/anaconda3/envs/ml/lib/python3.9/site-packages/PIL/TiffImagePlugin.py:858: UserWarning: Truncated File Read
  warnings.warn(str(msg))
/home/vayzenbe/anaconda3/envs/ml/lib/python3.9/site-packages/PIL/TiffImagePlugin.py:858: UserWarning: Truncated File Read
  warnings.warn(str(msg))
/home/vayzenbe/anaconda3/envs/ml/lib/python3.9/site-packages/PIL/Image.py:3167: DecompressionBombWarning: Image size (100000000 pixels) exceeds limit of 89478485 pixels, could be decompression bomb DOS attack.
  warnings.warn(
/home/vayzenbe/anaconda3/envs/ml/lib/python3.9/site-packages/PIL/TiffImagePlugin.py:858: UserWarning: Corrupt EXIF data.  Expecting to read 2 bytes but only got 0. 
  warnings.warn(str(msg))
/home/vayzenbe/anaconda3/envs/ml/lib/python3.9/site-packages/PIL/TiffImagePlugin.py:858: UserWarning: Corrupt EXIF data.  Expecting to read 2 bytes but only got 0. 
  warnings.warn(str(msg))
/home/vayzenbe/anaconda3/envs/ml/lib/python3.9/site-packages/PIL/TiffImagePlugin.py:858: UserWarning: Corrupt EXIF data.  Expecting to read 2 bytes but only got 0. 
  warnings.warn(str(msg))
/home/vayzenbe/anaconda3/envs/ml/lib/python3.9/site-packages/PIL/Image.py:3167: DecompressionBombWarning: Image size (111224503 pixels) exceeds limit of 89478485 pixels, could be decompression bomb DOS attack.
  warnings.warn(
/home/vayzenbe/anaconda3/envs/ml/lib/python3.9/site-packages/PIL/TiffImagePlugin.py:858: UserWarning: Corrupt EXIF data.  Expecting to read 2 bytes but only got 0. 
  warnings.warn(str(msg))
/home/vayzenbe/anaconda3/envs/ml/lib/python3.9/site-packages/PIL/TiffImagePlugin.py:858: UserWarning: Truncated File Read
  warnings.warn(str(msg))
Epoch: 3 	Training Loss: 3.781970 	Validation Loss: 81.648967 Test Accuracy: 0.002
/home/vayzenbe/anaconda3/envs/ml/lib/python3.9/site-packages/PIL/TiffImagePlugin.py:858: UserWarning: Corrupt EXIF data.  Expecting to read 2 bytes but only got 0. 
  warnings.warn(str(msg))
/home/vayzenbe/anaconda3/envs/ml/lib/python3.9/site-packages/PIL/TiffImagePlugin.py:858: UserWarning: Corrupt EXIF data.  Expecting to read 2 bytes but only got 0. 
  warnings.warn(str(msg))
/home/vayzenbe/anaconda3/envs/ml/lib/python3.9/site-packages/PIL/TiffImagePlugin.py:858: UserWarning: Corrupt EXIF data.  Expecting to read 2 bytes but only got 0. 
  warnings.warn(str(msg))
/home/vayzenbe/anaconda3/envs/ml/lib/python3.9/site-packages/PIL/TiffImagePlugin.py:858: UserWarning: Truncated File Read
  warnings.warn(str(msg))
/home/vayzenbe/anaconda3/envs/ml/lib/python3.9/site-packages/PIL/TiffImagePlugin.py:858: UserWarning: Truncated File Read
  warnings.warn(str(msg))
/home/vayzenbe/anaconda3/envs/ml/lib/python3.9/site-packages/PIL/Image.py:3167: DecompressionBombWarning: Image size (111224503 pixels) exceeds limit of 89478485 pixels, could be decompression bomb DOS attack.
  warnings.warn(
/home/vayzenbe/anaconda3/envs/ml/lib/python3.9/site-packages/PIL/Image.py:3167: DecompressionBombWarning: Image size (100000000 pixels) exceeds limit of 89478485 pixels, could be decompression bomb DOS attack.
  warnings.warn(
/home/vayzenbe/anaconda3/envs/ml/lib/python3.9/site-packages/PIL/TiffImagePlugin.py:858: UserWarning: Corrupt EXIF data.  Expecting to read 2 bytes but only got 0. 
  warnings.warn(str(msg))
Epoch: 4 	Training Loss: 3.643382 	Validation Loss: 110.207560 Test Accuracy: 0.002
/home/vayzenbe/anaconda3/envs/ml/lib/python3.9/site-packages/PIL/Image.py:3167: DecompressionBombWarning: Image size (111224503 pixels) exceeds limit of 89478485 pixels, could be decompression bomb DOS attack.
  warnings.warn(
/home/vayzenbe/anaconda3/envs/ml/lib/python3.9/site-packages/PIL/TiffImagePlugin.py:858: UserWarning: Corrupt EXIF data.  Expecting to read 2 bytes but only got 0. 
  warnings.warn(str(msg))
/home/vayzenbe/anaconda3/envs/ml/lib/python3.9/site-packages/PIL/TiffImagePlugin.py:858: UserWarning: Corrupt EXIF data.  Expecting to read 2 bytes but only got 0. 
  warnings.warn(str(msg))
/home/vayzenbe/anaconda3/envs/ml/lib/python3.9/site-packages/PIL/TiffImagePlugin.py:858: UserWarning: Truncated File Read
  warnings.warn(str(msg))
/home/vayzenbe/anaconda3/envs/ml/lib/python3.9/site-packages/PIL/Image.py:3167: DecompressionBombWarning: Image size (100000000 pixels) exceeds limit of 89478485 pixels, could be decompression bomb DOS attack.
  warnings.warn(
/home/vayzenbe/anaconda3/envs/ml/lib/python3.9/site-packages/PIL/TiffImagePlugin.py:858: UserWarning: Truncated File Read
  warnings.warn(str(msg))
/home/vayzenbe/anaconda3/envs/ml/lib/python3.9/site-packages/PIL/TiffImagePlugin.py:858: UserWarning: Corrupt EXIF data.  Expecting to read 2 bytes but only got 0. 
  warnings.warn(str(msg))
/home/vayzenbe/anaconda3/envs/ml/lib/python3.9/site-packages/PIL/TiffImagePlugin.py:858: UserWarning: Truncated File Read
  warnings.warn(str(msg))
/home/vayzenbe/anaconda3/envs/ml/lib/python3.9/site-packages/PIL/TiffImagePlugin.py:858: UserWarning: Corrupt EXIF data.  Expecting to read 2 bytes but only got 0. 
  warnings.warn(str(msg))
Epoch: 5 	Training Loss: 3.564332 	Validation Loss: 81.227302 Test Accuracy: 0.002
/home/vayzenbe/anaconda3/envs/ml/lib/python3.9/site-packages/PIL/TiffImagePlugin.py:858: UserWarning: Corrupt EXIF data.  Expecting to read 2 bytes but only got 0. 
  warnings.warn(str(msg))
/home/vayzenbe/anaconda3/envs/ml/lib/python3.9/site-packages/PIL/TiffImagePlugin.py:858: UserWarning: Corrupt EXIF data.  Expecting to read 2 bytes but only got 0. 
  warnings.warn(str(msg))
/home/vayzenbe/anaconda3/envs/ml/lib/python3.9/site-packages/PIL/TiffImagePlugin.py:858: UserWarning: Corrupt EXIF data.  Expecting to read 2 bytes but only got 0. 
  warnings.warn(str(msg))
/home/vayzenbe/anaconda3/envs/ml/lib/python3.9/site-packages/PIL/TiffImagePlugin.py:858: UserWarning: Truncated File Read
  warnings.warn(str(msg))
/home/vayzenbe/anaconda3/envs/ml/lib/python3.9/site-packages/PIL/TiffImagePlugin.py:858: UserWarning: Truncated File Read
  warnings.warn(str(msg))
/home/vayzenbe/anaconda3/envs/ml/lib/python3.9/site-packages/PIL/Image.py:3167: DecompressionBombWarning: Image size (100000000 pixels) exceeds limit of 89478485 pixels, could be decompression bomb DOS attack.
  warnings.warn(
/home/vayzenbe/anaconda3/envs/ml/lib/python3.9/site-packages/PIL/TiffImagePlugin.py:858: UserWarning: Corrupt EXIF data.  Expecting to read 2 bytes but only got 0. 
  warnings.warn(str(msg))
/home/vayzenbe/anaconda3/envs/ml/lib/python3.9/site-packages/PIL/Image.py:3167: DecompressionBombWarning: Image size (111224503 pixels) exceeds limit of 89478485 pixels, could be decompression bomb DOS attack.
  warnings.warn(
/home/vayzenbe/anaconda3/envs/ml/lib/python3.9/site-packages/PIL/Image.py:3167: DecompressionBombWarning: Image size (97912112 pixels) exceeds limit of 89478485 pixels, could be decompression bomb DOS attack.
  warnings.warn(
Epoch: 6 	Training Loss: 3.511641 	Validation Loss: 138.334082 Test Accuracy: 0.002
/home/vayzenbe/anaconda3/envs/ml/lib/python3.9/site-packages/PIL/TiffImagePlugin.py:858: UserWarning: Corrupt EXIF data.  Expecting to read 2 bytes but only got 0. 
  warnings.warn(str(msg))
/home/vayzenbe/anaconda3/envs/ml/lib/python3.9/site-packages/PIL/TiffImagePlugin.py:858: UserWarning: Truncated File Read
  warnings.warn(str(msg))
/home/vayzenbe/anaconda3/envs/ml/lib/python3.9/site-packages/PIL/Image.py:3167: DecompressionBombWarning: Image size (100000000 pixels) exceeds limit of 89478485 pixels, could be decompression bomb DOS attack.
  warnings.warn(
/home/vayzenbe/anaconda3/envs/ml/lib/python3.9/site-packages/PIL/TiffImagePlugin.py:858: UserWarning: Corrupt EXIF data.  Expecting to read 2 bytes but only got 0. 
  warnings.warn(str(msg))
/home/vayzenbe/anaconda3/envs/ml/lib/python3.9/site-packages/PIL/TiffImagePlugin.py:858: UserWarning: Truncated File Read
  warnings.warn(str(msg))
/home/vayzenbe/anaconda3/envs/ml/lib/python3.9/site-packages/PIL/TiffImagePlugin.py:858: UserWarning: Corrupt EXIF data.  Expecting to read 2 bytes but only got 0. 
  warnings.warn(str(msg))
/home/vayzenbe/anaconda3/envs/ml/lib/python3.9/site-packages/PIL/Image.py:3167: DecompressionBombWarning: Image size (111224503 pixels) exceeds limit of 89478485 pixels, could be decompression bomb DOS attack.
  warnings.warn(
/home/vayzenbe/anaconda3/envs/ml/lib/python3.9/site-packages/PIL/TiffImagePlugin.py:858: UserWarning: Corrupt EXIF data.  Expecting to read 2 bytes but only got 0. 
  warnings.warn(str(msg))
/home/vayzenbe/anaconda3/envs/ml/lib/python3.9/site-packages/PIL/TiffImagePlugin.py:858: UserWarning: Truncated File Read
  warnings.warn(str(msg))
Epoch: 7 	Training Loss: 3.473774 	Validation Loss: 96.581178 Test Accuracy: 0.002
/home/vayzenbe/anaconda3/envs/ml/lib/python3.9/site-packages/PIL/TiffImagePlugin.py:858: UserWarning: Corrupt EXIF data.  Expecting to read 2 bytes but only got 0. 
  warnings.warn(str(msg))
/home/vayzenbe/anaconda3/envs/ml/lib/python3.9/site-packages/PIL/TiffImagePlugin.py:858: UserWarning: Corrupt EXIF data.  Expecting to read 2 bytes but only got 0. 
  warnings.warn(str(msg))
/home/vayzenbe/anaconda3/envs/ml/lib/python3.9/site-packages/PIL/TiffImagePlugin.py:858: UserWarning: Corrupt EXIF data.  Expecting to read 2 bytes but only got 0. 
  warnings.warn(str(msg))
/home/vayzenbe/anaconda3/envs/ml/lib/python3.9/site-packages/PIL/TiffImagePlugin.py:858: UserWarning: Truncated File Read
  warnings.warn(str(msg))
/home/vayzenbe/anaconda3/envs/ml/lib/python3.9/site-packages/PIL/Image.py:3167: DecompressionBombWarning: Image size (111224503 pixels) exceeds limit of 89478485 pixels, could be decompression bomb DOS attack.
  warnings.warn(
/home/vayzenbe/anaconda3/envs/ml/lib/python3.9/site-packages/PIL/TiffImagePlugin.py:858: UserWarning: Truncated File Read
  warnings.warn(str(msg))
/home/vayzenbe/anaconda3/envs/ml/lib/python3.9/site-packages/PIL/TiffImagePlugin.py:858: UserWarning: Corrupt EXIF data.  Expecting to read 2 bytes but only got 0. 
  warnings.warn(str(msg))
/home/vayzenbe/anaconda3/envs/ml/lib/python3.9/site-packages/PIL/TiffImagePlugin.py:858: UserWarning: Truncated File Read
  warnings.warn(str(msg))
/home/vayzenbe/anaconda3/envs/ml/lib/python3.9/site-packages/PIL/Image.py:3167: DecompressionBombWarning: Image size (100000000 pixels) exceeds limit of 89478485 pixels, could be decompression bomb DOS attack.
  warnings.warn(
/home/vayzenbe/anaconda3/envs/ml/lib/python3.9/site-packages/PIL/TiffImagePlugin.py:858: UserWarning: Truncated File Read
  warnings.warn(str(msg))
Epoch: 8 	Training Loss: 3.443861 	Validation Loss: 51.415230 Test Accuracy: 0.003
/home/vayzenbe/anaconda3/envs/ml/lib/python3.9/site-packages/PIL/Image.py:3167: DecompressionBombWarning: Image size (100000000 pixels) exceeds limit of 89478485 pixels, could be decompression bomb DOS attack.
  warnings.warn(
/home/vayzenbe/anaconda3/envs/ml/lib/python3.9/site-packages/PIL/TiffImagePlugin.py:858: UserWarning: Corrupt EXIF data.  Expecting to read 2 bytes but only got 0. 
  warnings.warn(str(msg))
/home/vayzenbe/anaconda3/envs/ml/lib/python3.9/site-packages/PIL/TiffImagePlugin.py:858: UserWarning: Truncated File Read
  warnings.warn(str(msg))
/home/vayzenbe/anaconda3/envs/ml/lib/python3.9/site-packages/PIL/TiffImagePlugin.py:858: UserWarning: Corrupt EXIF data.  Expecting to read 2 bytes but only got 0. 
  warnings.warn(str(msg))
/home/vayzenbe/anaconda3/envs/ml/lib/python3.9/site-packages/PIL/TiffImagePlugin.py:858: UserWarning: Truncated File Read
  warnings.warn(str(msg))
/home/vayzenbe/anaconda3/envs/ml/lib/python3.9/site-packages/PIL/TiffImagePlugin.py:858: UserWarning: Corrupt EXIF data.  Expecting to read 2 bytes but only got 0. 
  warnings.warn(str(msg))
/home/vayzenbe/anaconda3/envs/ml/lib/python3.9/site-packages/PIL/Image.py:3167: DecompressionBombWarning: Image size (111224503 pixels) exceeds limit of 89478485 pixels, could be decompression bomb DOS attack.
  warnings.warn(
/home/vayzenbe/anaconda3/envs/ml/lib/python3.9/site-packages/PIL/TiffImagePlugin.py:858: UserWarning: Corrupt EXIF data.  Expecting to read 2 bytes but only got 0. 
  warnings.warn(str(msg))
/home/vayzenbe/anaconda3/envs/ml/lib/python3.9/site-packages/PIL/TiffImagePlugin.py:858: UserWarning: Truncated File Read
  warnings.warn(str(msg))
Epoch: 9 	Training Loss: 3.419916 	Validation Loss: 69.502093 Test Accuracy: 0.003
/home/vayzenbe/anaconda3/envs/ml/lib/python3.9/site-packages/PIL/TiffImagePlugin.py:858: UserWarning: Truncated File Read
  warnings.warn(str(msg))
/home/vayzenbe/anaconda3/envs/ml/lib/python3.9/site-packages/PIL/Image.py:3167: DecompressionBombWarning: Image size (111224503 pixels) exceeds limit of 89478485 pixels, could be decompression bomb DOS attack.
  warnings.warn(
/home/vayzenbe/anaconda3/envs/ml/lib/python3.9/site-packages/PIL/TiffImagePlugin.py:858: UserWarning: Corrupt EXIF data.  Expecting to read 2 bytes but only got 0. 
  warnings.warn(str(msg))
/home/vayzenbe/anaconda3/envs/ml/lib/python3.9/site-packages/PIL/TiffImagePlugin.py:858: UserWarning: Corrupt EXIF data.  Expecting to read 2 bytes but only got 0. 
  warnings.warn(str(msg))
/home/vayzenbe/anaconda3/envs/ml/lib/python3.9/site-packages/PIL/TiffImagePlugin.py:858: UserWarning: Corrupt EXIF data.  Expecting to read 2 bytes but only got 0. 
  warnings.warn(str(msg))
/home/vayzenbe/anaconda3/envs/ml/lib/python3.9/site-packages/PIL/TiffImagePlugin.py:858: UserWarning: Truncated File Read
  warnings.warn(str(msg))
/home/vayzenbe/anaconda3/envs/ml/lib/python3.9/site-packages/PIL/TiffImagePlugin.py:858: UserWarning: Corrupt EXIF data.  Expecting to read 2 bytes but only got 0. 
  warnings.warn(str(msg))
/home/vayzenbe/anaconda3/envs/ml/lib/python3.9/site-packages/PIL/Image.py:3167: DecompressionBombWarning: Image size (100000000 pixels) exceeds limit of 89478485 pixels, could be decompression bomb DOS attack.
  warnings.warn(
Epoch: 10 	Training Loss: 3.399568 	Validation Loss: 68.362753 Test Accuracy: 0.002
/home/vayzenbe/anaconda3/envs/ml/lib/python3.9/site-packages/PIL/TiffImagePlugin.py:858: UserWarning: Truncated File Read
  warnings.warn(str(msg))
/home/vayzenbe/anaconda3/envs/ml/lib/python3.9/site-packages/PIL/TiffImagePlugin.py:858: UserWarning: Truncated File Read
  warnings.warn(str(msg))
/home/vayzenbe/anaconda3/envs/ml/lib/python3.9/site-packages/PIL/TiffImagePlugin.py:858: UserWarning: Corrupt EXIF data.  Expecting to read 2 bytes but only got 0. 
  warnings.warn(str(msg))
/home/vayzenbe/anaconda3/envs/ml/lib/python3.9/site-packages/PIL/Image.py:3167: DecompressionBombWarning: Image size (111224503 pixels) exceeds limit of 89478485 pixels, could be decompression bomb DOS attack.
  warnings.warn(
/home/vayzenbe/anaconda3/envs/ml/lib/python3.9/site-packages/PIL/TiffImagePlugin.py:858: UserWarning: Corrupt EXIF data.  Expecting to read 2 bytes but only got 0. 
  warnings.warn(str(msg))
/home/vayzenbe/anaconda3/envs/ml/lib/python3.9/site-packages/PIL/Image.py:3167: DecompressionBombWarning: Image size (100000000 pixels) exceeds limit of 89478485 pixels, could be decompression bomb DOS attack.
  warnings.warn(
/home/vayzenbe/anaconda3/envs/ml/lib/python3.9/site-packages/PIL/TiffImagePlugin.py:858: UserWarning: Corrupt EXIF data.  Expecting to read 2 bytes but only got 0. 
  warnings.warn(str(msg))
/home/vayzenbe/anaconda3/envs/ml/lib/python3.9/site-packages/PIL/TiffImagePlugin.py:858: UserWarning: Corrupt EXIF data.  Expecting to read 2 bytes but only got 0. 
  warnings.warn(str(msg))
/home/vayzenbe/anaconda3/envs/ml/lib/python3.9/site-packages/PIL/TiffImagePlugin.py:858: UserWarning: Truncated File Read
  warnings.warn(str(msg))
Epoch: 11 	Training Loss: 2.795204 	Validation Loss: 119.583664 Test Accuracy: 0.002
/home/vayzenbe/anaconda3/envs/ml/lib/python3.9/site-packages/PIL/Image.py:3167: DecompressionBombWarning: Image size (100000000 pixels) exceeds limit of 89478485 pixels, could be decompression bomb DOS attack.
  warnings.warn(
/home/vayzenbe/anaconda3/envs/ml/lib/python3.9/site-packages/PIL/TiffImagePlugin.py:858: UserWarning: Corrupt EXIF data.  Expecting to read 2 bytes but only got 0. 
  warnings.warn(str(msg))
/home/vayzenbe/anaconda3/envs/ml/lib/python3.9/site-packages/PIL/TiffImagePlugin.py:858: UserWarning: Corrupt EXIF data.  Expecting to read 2 bytes but only got 0. 
  warnings.warn(str(msg))
/home/vayzenbe/anaconda3/envs/ml/lib/python3.9/site-packages/PIL/TiffImagePlugin.py:858: UserWarning: Truncated File Read
  warnings.warn(str(msg))
/home/vayzenbe/anaconda3/envs/ml/lib/python3.9/site-packages/PIL/TiffImagePlugin.py:858: UserWarning: Truncated File Read
  warnings.warn(str(msg))
/home/vayzenbe/anaconda3/envs/ml/lib/python3.9/site-packages/PIL/Image.py:3167: DecompressionBombWarning: Image size (111224503 pixels) exceeds limit of 89478485 pixels, could be decompression bomb DOS attack.
  warnings.warn(
/home/vayzenbe/anaconda3/envs/ml/lib/python3.9/site-packages/PIL/TiffImagePlugin.py:858: UserWarning: Corrupt EXIF data.  Expecting to read 2 bytes but only got 0. 
  warnings.warn(str(msg))
/home/vayzenbe/anaconda3/envs/ml/lib/python3.9/site-packages/PIL/TiffImagePlugin.py:858: UserWarning: Truncated File Read
  warnings.warn(str(msg))
Epoch: 12 	Training Loss: 2.665167 	Validation Loss: 178.994980 Test Accuracy: 0.002
/home/vayzenbe/anaconda3/envs/ml/lib/python3.9/site-packages/PIL/TiffImagePlugin.py:858: UserWarning: Corrupt EXIF data.  Expecting to read 2 bytes but only got 0. 
  warnings.warn(str(msg))
/home/vayzenbe/anaconda3/envs/ml/lib/python3.9/site-packages/PIL/TiffImagePlugin.py:858: UserWarning: Corrupt EXIF data.  Expecting to read 2 bytes but only got 0. 
  warnings.warn(str(msg))
/home/vayzenbe/anaconda3/envs/ml/lib/python3.9/site-packages/PIL/TiffImagePlugin.py:858: UserWarning: Truncated File Read
  warnings.warn(str(msg))
/home/vayzenbe/anaconda3/envs/ml/lib/python3.9/site-packages/PIL/TiffImagePlugin.py:858: UserWarning: Corrupt EXIF data.  Expecting to read 2 bytes but only got 0. 
  warnings.warn(str(msg))
/home/vayzenbe/anaconda3/envs/ml/lib/python3.9/site-packages/PIL/TiffImagePlugin.py:858: UserWarning: Corrupt EXIF data.  Expecting to read 2 bytes but only got 0. 
  warnings.warn(str(msg))
/home/vayzenbe/anaconda3/envs/ml/lib/python3.9/site-packages/PIL/Image.py:3167: DecompressionBombWarning: Image size (100000000 pixels) exceeds limit of 89478485 pixels, could be decompression bomb DOS attack.
  warnings.warn(
/home/vayzenbe/anaconda3/envs/ml/lib/python3.9/site-packages/PIL/Image.py:3167: DecompressionBombWarning: Image size (111224503 pixels) exceeds limit of 89478485 pixels, could be decompression bomb DOS attack.
  warnings.warn(
/home/vayzenbe/anaconda3/envs/ml/lib/python3.9/site-packages/PIL/TiffImagePlugin.py:858: UserWarning: Truncated File Read
  warnings.warn(str(msg))
/home/vayzenbe/anaconda3/envs/ml/lib/python3.9/site-packages/PIL/TiffImagePlugin.py:858: UserWarning: Truncated File Read
  warnings.warn(str(msg))
Epoch: 13 	Training Loss: 2.617388 	Validation Loss: 92.782806 Test Accuracy: 0.002
/home/vayzenbe/anaconda3/envs/ml/lib/python3.9/site-packages/PIL/TiffImagePlugin.py:858: UserWarning: Corrupt EXIF data.  Expecting to read 2 bytes but only got 0. 
  warnings.warn(str(msg))
/home/vayzenbe/anaconda3/envs/ml/lib/python3.9/site-packages/PIL/TiffImagePlugin.py:858: UserWarning: Truncated File Read
  warnings.warn(str(msg))
/home/vayzenbe/anaconda3/envs/ml/lib/python3.9/site-packages/PIL/TiffImagePlugin.py:858: UserWarning: Corrupt EXIF data.  Expecting to read 2 bytes but only got 0. 
  warnings.warn(str(msg))
/home/vayzenbe/anaconda3/envs/ml/lib/python3.9/site-packages/PIL/TiffImagePlugin.py:858: UserWarning: Truncated File Read
  warnings.warn(str(msg))
/home/vayzenbe/anaconda3/envs/ml/lib/python3.9/site-packages/PIL/Image.py:3167: DecompressionBombWarning: Image size (100000000 pixels) exceeds limit of 89478485 pixels, could be decompression bomb DOS attack.
  warnings.warn(
/home/vayzenbe/anaconda3/envs/ml/lib/python3.9/site-packages/PIL/Image.py:3167: DecompressionBombWarning: Image size (95344404 pixels) exceeds limit of 89478485 pixels, could be decompression bomb DOS attack.
  warnings.warn(
/home/vayzenbe/anaconda3/envs/ml/lib/python3.9/site-packages/PIL/TiffImagePlugin.py:858: UserWarning: Corrupt EXIF data.  Expecting to read 2 bytes but only got 0. 
  warnings.warn(str(msg))
/home/vayzenbe/anaconda3/envs/ml/lib/python3.9/site-packages/PIL/TiffImagePlugin.py:858: UserWarning: Corrupt EXIF data.  Expecting to read 2 bytes but only got 0. 
  warnings.warn(str(msg))
/home/vayzenbe/anaconda3/envs/ml/lib/python3.9/site-packages/PIL/Image.py:3167: DecompressionBombWarning: Image size (111224503 pixels) exceeds limit of 89478485 pixels, could be decompression bomb DOS attack.
  warnings.warn(
/home/vayzenbe/anaconda3/envs/ml/lib/python3.9/site-packages/PIL/TiffImagePlugin.py:858: UserWarning: Truncated File Read
  warnings.warn(str(msg))
Epoch: 14 	Training Loss: 2.594559 	Validation Loss: 161.951985 Test Accuracy: 0.002
/home/vayzenbe/anaconda3/envs/ml/lib/python3.9/site-packages/PIL/TiffImagePlugin.py:858: UserWarning: Truncated File Read
  warnings.warn(str(msg))
/home/vayzenbe/anaconda3/envs/ml/lib/python3.9/site-packages/PIL/TiffImagePlugin.py:858: UserWarning: Corrupt EXIF data.  Expecting to read 2 bytes but only got 0. 
  warnings.warn(str(msg))
/home/vayzenbe/anaconda3/envs/ml/lib/python3.9/site-packages/PIL/TiffImagePlugin.py:858: UserWarning: Corrupt EXIF data.  Expecting to read 2 bytes but only got 0. 
  warnings.warn(str(msg))
/home/vayzenbe/anaconda3/envs/ml/lib/python3.9/site-packages/PIL/TiffImagePlugin.py:858: UserWarning: Corrupt EXIF data.  Expecting to read 2 bytes but only got 0. 
  warnings.warn(str(msg))
/home/vayzenbe/anaconda3/envs/ml/lib/python3.9/site-packages/PIL/TiffImagePlugin.py:858: UserWarning: Corrupt EXIF data.  Expecting to read 2 bytes but only got 0. 
  warnings.warn(str(msg))
/home/vayzenbe/anaconda3/envs/ml/lib/python3.9/site-packages/PIL/TiffImagePlugin.py:858: UserWarning: Truncated File Read
  warnings.warn(str(msg))
/home/vayzenbe/anaconda3/envs/ml/lib/python3.9/site-packages/PIL/Image.py:3167: DecompressionBombWarning: Image size (100000000 pixels) exceeds limit of 89478485 pixels, could be decompression bomb DOS attack.
  warnings.warn(
/home/vayzenbe/anaconda3/envs/ml/lib/python3.9/site-packages/PIL/TiffImagePlugin.py:858: UserWarning: Truncated File Read
  warnings.warn(str(msg))
/home/vayzenbe/anaconda3/envs/ml/lib/python3.9/site-packages/PIL/Image.py:3167: DecompressionBombWarning: Image size (111224503 pixels) exceeds limit of 89478485 pixels, could be decompression bomb DOS attack.
  warnings.warn(
Epoch: 15 	Training Loss: 2.581179 	Validation Loss: 137.976650 Test Accuracy: 0.002
/home/vayzenbe/anaconda3/envs/ml/lib/python3.9/site-packages/PIL/TiffImagePlugin.py:858: UserWarning: Corrupt EXIF data.  Expecting to read 2 bytes but only got 0. 
  warnings.warn(str(msg))
/home/vayzenbe/anaconda3/envs/ml/lib/python3.9/site-packages/PIL/TiffImagePlugin.py:858: UserWarning: Truncated File Read
  warnings.warn(str(msg))
/home/vayzenbe/anaconda3/envs/ml/lib/python3.9/site-packages/PIL/Image.py:3167: DecompressionBombWarning: Image size (100000000 pixels) exceeds limit of 89478485 pixels, could be decompression bomb DOS attack.
  warnings.warn(
/home/vayzenbe/anaconda3/envs/ml/lib/python3.9/site-packages/PIL/TiffImagePlugin.py:858: UserWarning: Corrupt EXIF data.  Expecting to read 2 bytes but only got 0. 
  warnings.warn(str(msg))
/home/vayzenbe/anaconda3/envs/ml/lib/python3.9/site-packages/PIL/Image.py:3167: DecompressionBombWarning: Image size (111224503 pixels) exceeds limit of 89478485 pixels, could be decompression bomb DOS attack.
  warnings.warn(
/home/vayzenbe/anaconda3/envs/ml/lib/python3.9/site-packages/PIL/TiffImagePlugin.py:858: UserWarning: Corrupt EXIF data.  Expecting to read 2 bytes but only got 0. 
  warnings.warn(str(msg))
/home/vayzenbe/anaconda3/envs/ml/lib/python3.9/site-packages/PIL/TiffImagePlugin.py:858: UserWarning: Corrupt EXIF data.  Expecting to read 2 bytes but only got 0. 
  warnings.warn(str(msg))
/home/vayzenbe/anaconda3/envs/ml/lib/python3.9/site-packages/PIL/TiffImagePlugin.py:858: UserWarning: Truncated File Read
  warnings.warn(str(msg))
Epoch: 16 	Training Loss: 2.569970 	Validation Loss: 134.353791 Test Accuracy: 0.002
