libs loaded
cornet_s_ecoset
cornet_s_ecoset
starting training...
/home/vayzenbe/anaconda3/envs/ml/lib/python3.9/site-packages/PIL/TiffImagePlugin.py:858: UserWarning: Corrupt EXIF data.  Expecting to read 2 bytes but only got 0. 
  warnings.warn(str(msg))
/home/vayzenbe/anaconda3/envs/ml/lib/python3.9/site-packages/PIL/TiffImagePlugin.py:858: UserWarning: Corrupt EXIF data.  Expecting to read 2 bytes but only got 0. 
  warnings.warn(str(msg))
/home/vayzenbe/anaconda3/envs/ml/lib/python3.9/site-packages/PIL/TiffImagePlugin.py:858: UserWarning: Corrupt EXIF data.  Expecting to read 2 bytes but only got 0. 
  warnings.warn(str(msg))
/home/vayzenbe/anaconda3/envs/ml/lib/python3.9/site-packages/PIL/TiffImagePlugin.py:858: UserWarning: Truncated File Read
  warnings.warn(str(msg))
/home/vayzenbe/anaconda3/envs/ml/lib/python3.9/site-packages/PIL/TiffImagePlugin.py:858: UserWarning: Corrupt EXIF data.  Expecting to read 2 bytes but only got 0. 
  warnings.warn(str(msg))
/home/vayzenbe/anaconda3/envs/ml/lib/python3.9/site-packages/PIL/Image.py:3167: DecompressionBombWarning: Image size (100000000 pixels) exceeds limit of 89478485 pixels, could be decompression bomb DOS attack.
  warnings.warn(
/home/vayzenbe/anaconda3/envs/ml/lib/python3.9/site-packages/PIL/TiffImagePlugin.py:858: UserWarning: Truncated File Read
  warnings.warn(str(msg))
/home/vayzenbe/anaconda3/envs/ml/lib/python3.9/site-packages/PIL/Image.py:3167: DecompressionBombWarning: Image size (111224503 pixels) exceeds limit of 89478485 pixels, could be decompression bomb DOS attack.
  warnings.warn(
/home/vayzenbe/anaconda3/envs/ml/lib/python3.9/site-packages/PIL/Image.py:3167: DecompressionBombWarning: Image size (103232952 pixels) exceeds limit of 89478485 pixels, could be decompression bomb DOS attack.
  warnings.warn(
Epoch: 1 	Training Loss: 4.563183 	Validation Loss: 23.308924 Test Accuracy: 0.003
/home/vayzenbe/anaconda3/envs/ml/lib/python3.9/site-packages/PIL/TiffImagePlugin.py:858: UserWarning: Truncated File Read
  warnings.warn(str(msg))
/home/vayzenbe/anaconda3/envs/ml/lib/python3.9/site-packages/PIL/TiffImagePlugin.py:858: UserWarning: Corrupt EXIF data.  Expecting to read 2 bytes but only got 0. 
  warnings.warn(str(msg))
/home/vayzenbe/anaconda3/envs/ml/lib/python3.9/site-packages/PIL/Image.py:3167: DecompressionBombWarning: Image size (100000000 pixels) exceeds limit of 89478485 pixels, could be decompression bomb DOS attack.
  warnings.warn(
/home/vayzenbe/anaconda3/envs/ml/lib/python3.9/site-packages/PIL/TiffImagePlugin.py:858: UserWarning: Truncated File Read
  warnings.warn(str(msg))
/home/vayzenbe/anaconda3/envs/ml/lib/python3.9/site-packages/PIL/TiffImagePlugin.py:858: UserWarning: Corrupt EXIF data.  Expecting to read 2 bytes but only got 0. 
  warnings.warn(str(msg))
/home/vayzenbe/anaconda3/envs/ml/lib/python3.9/site-packages/PIL/TiffImagePlugin.py:858: UserWarning: Corrupt EXIF data.  Expecting to read 2 bytes but only got 0. 
  warnings.warn(str(msg))
/home/vayzenbe/anaconda3/envs/ml/lib/python3.9/site-packages/PIL/TiffImagePlugin.py:858: UserWarning: Corrupt EXIF data.  Expecting to read 2 bytes but only got 0. 
  warnings.warn(str(msg))
/home/vayzenbe/anaconda3/envs/ml/lib/python3.9/site-packages/PIL/Image.py:3167: DecompressionBombWarning: Image size (111224503 pixels) exceeds limit of 89478485 pixels, could be decompression bomb DOS attack.
  warnings.warn(
/home/vayzenbe/anaconda3/envs/ml/lib/python3.9/site-packages/PIL/Image.py:3167: DecompressionBombWarning: Image size (91468489 pixels) exceeds limit of 89478485 pixels, could be decompression bomb DOS attack.
  warnings.warn(
Epoch: 2 	Training Loss: 3.698880 	Validation Loss: 32.085426 Test Accuracy: 0.003
/home/vayzenbe/anaconda3/envs/ml/lib/python3.9/site-packages/PIL/TiffImagePlugin.py:858: UserWarning: Truncated File Read
  warnings.warn(str(msg))
/home/vayzenbe/anaconda3/envs/ml/lib/python3.9/site-packages/PIL/TiffImagePlugin.py:858: UserWarning: Truncated File Read
  warnings.warn(str(msg))
/home/vayzenbe/anaconda3/envs/ml/lib/python3.9/site-packages/PIL/Image.py:3167: DecompressionBombWarning: Image size (100000000 pixels) exceeds limit of 89478485 pixels, could be decompression bomb DOS attack.
  warnings.warn(
/home/vayzenbe/anaconda3/envs/ml/lib/python3.9/site-packages/PIL/TiffImagePlugin.py:858: UserWarning: Corrupt EXIF data.  Expecting to read 2 bytes but only got 0. 
  warnings.warn(str(msg))
/home/vayzenbe/anaconda3/envs/ml/lib/python3.9/site-packages/PIL/TiffImagePlugin.py:858: UserWarning: Corrupt EXIF data.  Expecting to read 2 bytes but only got 0. 
  warnings.warn(str(msg))
/home/vayzenbe/anaconda3/envs/ml/lib/python3.9/site-packages/PIL/TiffImagePlugin.py:858: UserWarning: Corrupt EXIF data.  Expecting to read 2 bytes but only got 0. 
  warnings.warn(str(msg))
/home/vayzenbe/anaconda3/envs/ml/lib/python3.9/site-packages/PIL/Image.py:3167: DecompressionBombWarning: Image size (111224503 pixels) exceeds limit of 89478485 pixels, could be decompression bomb DOS attack.
  warnings.warn(
/home/vayzenbe/anaconda3/envs/ml/lib/python3.9/site-packages/PIL/TiffImagePlugin.py:858: UserWarning: Corrupt EXIF data.  Expecting to read 2 bytes but only got 0. 
  warnings.warn(str(msg))
/home/vayzenbe/anaconda3/envs/ml/lib/python3.9/site-packages/PIL/TiffImagePlugin.py:858: UserWarning: Truncated File Read
  warnings.warn(str(msg))
Epoch: 3 	Training Loss: 3.417419 	Validation Loss: 41.166020 Test Accuracy: 0.002
/home/vayzenbe/anaconda3/envs/ml/lib/python3.9/site-packages/PIL/TiffImagePlugin.py:858: UserWarning: Corrupt EXIF data.  Expecting to read 2 bytes but only got 0. 
  warnings.warn(str(msg))
/home/vayzenbe/anaconda3/envs/ml/lib/python3.9/site-packages/PIL/TiffImagePlugin.py:858: UserWarning: Corrupt EXIF data.  Expecting to read 2 bytes but only got 0. 
  warnings.warn(str(msg))
/home/vayzenbe/anaconda3/envs/ml/lib/python3.9/site-packages/PIL/TiffImagePlugin.py:858: UserWarning: Corrupt EXIF data.  Expecting to read 2 bytes but only got 0. 
  warnings.warn(str(msg))
/home/vayzenbe/anaconda3/envs/ml/lib/python3.9/site-packages/PIL/TiffImagePlugin.py:858: UserWarning: Truncated File Read
  warnings.warn(str(msg))
/home/vayzenbe/anaconda3/envs/ml/lib/python3.9/site-packages/PIL/TiffImagePlugin.py:858: UserWarning: Truncated File Read
  warnings.warn(str(msg))
/home/vayzenbe/anaconda3/envs/ml/lib/python3.9/site-packages/PIL/Image.py:3167: DecompressionBombWarning: Image size (111224503 pixels) exceeds limit of 89478485 pixels, could be decompression bomb DOS attack.
  warnings.warn(
/home/vayzenbe/anaconda3/envs/ml/lib/python3.9/site-packages/PIL/Image.py:3167: DecompressionBombWarning: Image size (100000000 pixels) exceeds limit of 89478485 pixels, could be decompression bomb DOS attack.
  warnings.warn(
/home/vayzenbe/anaconda3/envs/ml/lib/python3.9/site-packages/PIL/TiffImagePlugin.py:858: UserWarning: Corrupt EXIF data.  Expecting to read 2 bytes but only got 0. 
  warnings.warn(str(msg))
Epoch: 4 	Training Loss: 3.275426 	Validation Loss: 23.365100 Test Accuracy: 0.004
/home/vayzenbe/anaconda3/envs/ml/lib/python3.9/site-packages/PIL/Image.py:3167: DecompressionBombWarning: Image size (111224503 pixels) exceeds limit of 89478485 pixels, could be decompression bomb DOS attack.
  warnings.warn(
/home/vayzenbe/anaconda3/envs/ml/lib/python3.9/site-packages/PIL/TiffImagePlugin.py:858: UserWarning: Corrupt EXIF data.  Expecting to read 2 bytes but only got 0. 
  warnings.warn(str(msg))
/home/vayzenbe/anaconda3/envs/ml/lib/python3.9/site-packages/PIL/TiffImagePlugin.py:858: UserWarning: Corrupt EXIF data.  Expecting to read 2 bytes but only got 0. 
  warnings.warn(str(msg))
/home/vayzenbe/anaconda3/envs/ml/lib/python3.9/site-packages/PIL/TiffImagePlugin.py:858: UserWarning: Truncated File Read
  warnings.warn(str(msg))
/home/vayzenbe/anaconda3/envs/ml/lib/python3.9/site-packages/PIL/Image.py:3167: DecompressionBombWarning: Image size (100000000 pixels) exceeds limit of 89478485 pixels, could be decompression bomb DOS attack.
  warnings.warn(
/home/vayzenbe/anaconda3/envs/ml/lib/python3.9/site-packages/PIL/TiffImagePlugin.py:858: UserWarning: Truncated File Read
  warnings.warn(str(msg))
/home/vayzenbe/anaconda3/envs/ml/lib/python3.9/site-packages/PIL/TiffImagePlugin.py:858: UserWarning: Corrupt EXIF data.  Expecting to read 2 bytes but only got 0. 
  warnings.warn(str(msg))
/home/vayzenbe/anaconda3/envs/ml/lib/python3.9/site-packages/PIL/TiffImagePlugin.py:858: UserWarning: Truncated File Read
  warnings.warn(str(msg))
/home/vayzenbe/anaconda3/envs/ml/lib/python3.9/site-packages/PIL/TiffImagePlugin.py:858: UserWarning: Corrupt EXIF data.  Expecting to read 2 bytes but only got 0. 
  warnings.warn(str(msg))
Epoch: 5 	Training Loss: 3.191108 	Validation Loss: 27.606261 Test Accuracy: 0.002
/home/vayzenbe/anaconda3/envs/ml/lib/python3.9/site-packages/PIL/TiffImagePlugin.py:858: UserWarning: Corrupt EXIF data.  Expecting to read 2 bytes but only got 0. 
  warnings.warn(str(msg))
/home/vayzenbe/anaconda3/envs/ml/lib/python3.9/site-packages/PIL/TiffImagePlugin.py:858: UserWarning: Corrupt EXIF data.  Expecting to read 2 bytes but only got 0. 
  warnings.warn(str(msg))
/home/vayzenbe/anaconda3/envs/ml/lib/python3.9/site-packages/PIL/TiffImagePlugin.py:858: UserWarning: Corrupt EXIF data.  Expecting to read 2 bytes but only got 0. 
  warnings.warn(str(msg))
/home/vayzenbe/anaconda3/envs/ml/lib/python3.9/site-packages/PIL/TiffImagePlugin.py:858: UserWarning: Truncated File Read
  warnings.warn(str(msg))
/home/vayzenbe/anaconda3/envs/ml/lib/python3.9/site-packages/PIL/TiffImagePlugin.py:858: UserWarning: Truncated File Read
  warnings.warn(str(msg))
/home/vayzenbe/anaconda3/envs/ml/lib/python3.9/site-packages/PIL/Image.py:3167: DecompressionBombWarning: Image size (100000000 pixels) exceeds limit of 89478485 pixels, could be decompression bomb DOS attack.
  warnings.warn(
/home/vayzenbe/anaconda3/envs/ml/lib/python3.9/site-packages/PIL/TiffImagePlugin.py:858: UserWarning: Corrupt EXIF data.  Expecting to read 2 bytes but only got 0. 
  warnings.warn(str(msg))
/home/vayzenbe/anaconda3/envs/ml/lib/python3.9/site-packages/PIL/Image.py:3167: DecompressionBombWarning: Image size (111224503 pixels) exceeds limit of 89478485 pixels, could be decompression bomb DOS attack.
  warnings.warn(
/home/vayzenbe/anaconda3/envs/ml/lib/python3.9/site-packages/PIL/Image.py:3167: DecompressionBombWarning: Image size (97912112 pixels) exceeds limit of 89478485 pixels, could be decompression bomb DOS attack.
  warnings.warn(
Epoch: 6 	Training Loss: 3.130255 	Validation Loss: 20.417056 Test Accuracy: 0.003
/home/vayzenbe/anaconda3/envs/ml/lib/python3.9/site-packages/PIL/TiffImagePlugin.py:858: UserWarning: Corrupt EXIF data.  Expecting to read 2 bytes but only got 0. 
  warnings.warn(str(msg))
/home/vayzenbe/anaconda3/envs/ml/lib/python3.9/site-packages/PIL/TiffImagePlugin.py:858: UserWarning: Truncated File Read
  warnings.warn(str(msg))
/home/vayzenbe/anaconda3/envs/ml/lib/python3.9/site-packages/PIL/Image.py:3167: DecompressionBombWarning: Image size (100000000 pixels) exceeds limit of 89478485 pixels, could be decompression bomb DOS attack.
  warnings.warn(
/home/vayzenbe/anaconda3/envs/ml/lib/python3.9/site-packages/PIL/TiffImagePlugin.py:858: UserWarning: Corrupt EXIF data.  Expecting to read 2 bytes but only got 0. 
  warnings.warn(str(msg))
/home/vayzenbe/anaconda3/envs/ml/lib/python3.9/site-packages/PIL/TiffImagePlugin.py:858: UserWarning: Truncated File Read
  warnings.warn(str(msg))
/home/vayzenbe/anaconda3/envs/ml/lib/python3.9/site-packages/PIL/TiffImagePlugin.py:858: UserWarning: Corrupt EXIF data.  Expecting to read 2 bytes but only got 0. 
  warnings.warn(str(msg))
/home/vayzenbe/anaconda3/envs/ml/lib/python3.9/site-packages/PIL/Image.py:3167: DecompressionBombWarning: Image size (111224503 pixels) exceeds limit of 89478485 pixels, could be decompression bomb DOS attack.
  warnings.warn(
/home/vayzenbe/anaconda3/envs/ml/lib/python3.9/site-packages/PIL/TiffImagePlugin.py:858: UserWarning: Corrupt EXIF data.  Expecting to read 2 bytes but only got 0. 
  warnings.warn(str(msg))
/home/vayzenbe/anaconda3/envs/ml/lib/python3.9/site-packages/PIL/TiffImagePlugin.py:858: UserWarning: Truncated File Read
  warnings.warn(str(msg))
Epoch: 7 	Training Loss: 3.080481 	Validation Loss: 26.976792 Test Accuracy: 0.002
/home/vayzenbe/anaconda3/envs/ml/lib/python3.9/site-packages/PIL/TiffImagePlugin.py:858: UserWarning: Corrupt EXIF data.  Expecting to read 2 bytes but only got 0. 
  warnings.warn(str(msg))
/home/vayzenbe/anaconda3/envs/ml/lib/python3.9/site-packages/PIL/TiffImagePlugin.py:858: UserWarning: Corrupt EXIF data.  Expecting to read 2 bytes but only got 0. 
  warnings.warn(str(msg))
/home/vayzenbe/anaconda3/envs/ml/lib/python3.9/site-packages/PIL/TiffImagePlugin.py:858: UserWarning: Corrupt EXIF data.  Expecting to read 2 bytes but only got 0. 
  warnings.warn(str(msg))
/home/vayzenbe/anaconda3/envs/ml/lib/python3.9/site-packages/PIL/TiffImagePlugin.py:858: UserWarning: Truncated File Read
  warnings.warn(str(msg))
/home/vayzenbe/anaconda3/envs/ml/lib/python3.9/site-packages/PIL/Image.py:3167: DecompressionBombWarning: Image size (111224503 pixels) exceeds limit of 89478485 pixels, could be decompression bomb DOS attack.
  warnings.warn(
/home/vayzenbe/anaconda3/envs/ml/lib/python3.9/site-packages/PIL/TiffImagePlugin.py:858: UserWarning: Truncated File Read
  warnings.warn(str(msg))
/home/vayzenbe/anaconda3/envs/ml/lib/python3.9/site-packages/PIL/TiffImagePlugin.py:858: UserWarning: Corrupt EXIF data.  Expecting to read 2 bytes but only got 0. 
  warnings.warn(str(msg))
/home/vayzenbe/anaconda3/envs/ml/lib/python3.9/site-packages/PIL/TiffImagePlugin.py:858: UserWarning: Truncated File Read
  warnings.warn(str(msg))
/home/vayzenbe/anaconda3/envs/ml/lib/python3.9/site-packages/PIL/Image.py:3167: DecompressionBombWarning: Image size (100000000 pixels) exceeds limit of 89478485 pixels, could be decompression bomb DOS attack.
  warnings.warn(
/home/vayzenbe/anaconda3/envs/ml/lib/python3.9/site-packages/PIL/TiffImagePlugin.py:858: UserWarning: Truncated File Read
  warnings.warn(str(msg))
Epoch: 8 	Training Loss: 3.045085 	Validation Loss: 24.513966 Test Accuracy: 0.003
/home/vayzenbe/anaconda3/envs/ml/lib/python3.9/site-packages/PIL/Image.py:3167: DecompressionBombWarning: Image size (100000000 pixels) exceeds limit of 89478485 pixels, could be decompression bomb DOS attack.
  warnings.warn(
/home/vayzenbe/anaconda3/envs/ml/lib/python3.9/site-packages/PIL/TiffImagePlugin.py:858: UserWarning: Corrupt EXIF data.  Expecting to read 2 bytes but only got 0. 
  warnings.warn(str(msg))
/home/vayzenbe/anaconda3/envs/ml/lib/python3.9/site-packages/PIL/TiffImagePlugin.py:858: UserWarning: Truncated File Read
  warnings.warn(str(msg))
/home/vayzenbe/anaconda3/envs/ml/lib/python3.9/site-packages/PIL/TiffImagePlugin.py:858: UserWarning: Corrupt EXIF data.  Expecting to read 2 bytes but only got 0. 
  warnings.warn(str(msg))
/home/vayzenbe/anaconda3/envs/ml/lib/python3.9/site-packages/PIL/TiffImagePlugin.py:858: UserWarning: Truncated File Read
  warnings.warn(str(msg))
/home/vayzenbe/anaconda3/envs/ml/lib/python3.9/site-packages/PIL/TiffImagePlugin.py:858: UserWarning: Corrupt EXIF data.  Expecting to read 2 bytes but only got 0. 
  warnings.warn(str(msg))
/home/vayzenbe/anaconda3/envs/ml/lib/python3.9/site-packages/PIL/Image.py:3167: DecompressionBombWarning: Image size (111224503 pixels) exceeds limit of 89478485 pixels, could be decompression bomb DOS attack.
  warnings.warn(
/home/vayzenbe/anaconda3/envs/ml/lib/python3.9/site-packages/PIL/TiffImagePlugin.py:858: UserWarning: Corrupt EXIF data.  Expecting to read 2 bytes but only got 0. 
  warnings.warn(str(msg))
/home/vayzenbe/anaconda3/envs/ml/lib/python3.9/site-packages/PIL/TiffImagePlugin.py:858: UserWarning: Truncated File Read
  warnings.warn(str(msg))
Epoch: 9 	Training Loss: 3.021243 	Validation Loss: 26.631961 Test Accuracy: 0.003
/home/vayzenbe/anaconda3/envs/ml/lib/python3.9/site-packages/PIL/TiffImagePlugin.py:858: UserWarning: Truncated File Read
  warnings.warn(str(msg))
/home/vayzenbe/anaconda3/envs/ml/lib/python3.9/site-packages/PIL/Image.py:3167: DecompressionBombWarning: Image size (111224503 pixels) exceeds limit of 89478485 pixels, could be decompression bomb DOS attack.
  warnings.warn(
/home/vayzenbe/anaconda3/envs/ml/lib/python3.9/site-packages/PIL/TiffImagePlugin.py:858: UserWarning: Corrupt EXIF data.  Expecting to read 2 bytes but only got 0. 
  warnings.warn(str(msg))
/home/vayzenbe/anaconda3/envs/ml/lib/python3.9/site-packages/PIL/TiffImagePlugin.py:858: UserWarning: Corrupt EXIF data.  Expecting to read 2 bytes but only got 0. 
  warnings.warn(str(msg))
/home/vayzenbe/anaconda3/envs/ml/lib/python3.9/site-packages/PIL/TiffImagePlugin.py:858: UserWarning: Corrupt EXIF data.  Expecting to read 2 bytes but only got 0. 
  warnings.warn(str(msg))
/home/vayzenbe/anaconda3/envs/ml/lib/python3.9/site-packages/PIL/TiffImagePlugin.py:858: UserWarning: Truncated File Read
  warnings.warn(str(msg))
/home/vayzenbe/anaconda3/envs/ml/lib/python3.9/site-packages/PIL/TiffImagePlugin.py:858: UserWarning: Corrupt EXIF data.  Expecting to read 2 bytes but only got 0. 
  warnings.warn(str(msg))
/home/vayzenbe/anaconda3/envs/ml/lib/python3.9/site-packages/PIL/Image.py:3167: DecompressionBombWarning: Image size (100000000 pixels) exceeds limit of 89478485 pixels, could be decompression bomb DOS attack.
  warnings.warn(
slurmstepd: error: *** JOB 1601445 ON mind-1-3 CANCELLED AT 2023-05-17T12:02:27 DUE TO TIME LIMIT ***
