/lab_data/behrmannlab/image_sets//imagenet_sketch
/user_data/vayzenbe/GitHub_Repos/vonenet/vonenet/params.py:59: RuntimeWarning: invalid value encountered in true_divide
  ny_dist_marg = n_joint_dist / n_joint_dist.sum(axis=1, keepdims=True)
/home/vayzenbe/anaconda3/envs/ml_new/lib/python3.9/site-packages/torch/functional.py:478: UserWarning: torch.meshgrid: in an upcoming release, it will be required to pass the indexing argument. (Triggered internally at  /opt/conda/conda-bld/pytorch_1659484775609/work/aten/src/ATen/native/TensorShape.cpp:2895.)
  return _VF.meshgrid(tensors, **kwargs)  # type: ignore[attr-defined]
libs loaded
cornets_ff_imagenet_sketch
Neuronal distributions gabor parameters
Model:  VOneCORnet-S feedforward
starting training...
Epoch: 1 	Training Loss: 5.066416 	Validation Loss: 5.128024 Test Accuracy: 0.113
Epoch: 2 	Training Loss: 4.357006 	Validation Loss: 4.411405 Test Accuracy: 0.184
Epoch: 3 	Training Loss: 4.048560 	Validation Loss: 4.192919 Test Accuracy: 0.204
Epoch: 4 	Training Loss: 3.841590 	Validation Loss: 4.090662 Test Accuracy: 0.220
Epoch: 5 	Training Loss: 3.683527 	Validation Loss: 4.057679 Test Accuracy: 0.230
Epoch: 6 	Training Loss: 3.546669 	Validation Loss: 3.881785 Test Accuracy: 0.254
Epoch: 7 	Training Loss: 3.433274 	Validation Loss: 3.821765 Test Accuracy: 0.262
Epoch: 8 	Training Loss: 3.337038 	Validation Loss: 3.869718 Test Accuracy: 0.259
Epoch: 9 	Training Loss: 3.258817 	Validation Loss: 3.885763 Test Accuracy: 0.261
Epoch: 10 	Training Loss: 3.185850 	Validation Loss: 3.863096 Test Accuracy: 0.262
Epoch: 11 	Training Loss: 2.683836 	Validation Loss: 3.244929 Test Accuracy: 0.354
Epoch: 12 	Training Loss: 2.565326 	Validation Loss: 3.171413 Test Accuracy: 0.366
Epoch: 13 	Training Loss: 2.509961 	Validation Loss: 3.162427 Test Accuracy: 0.368
Epoch: 14 	Training Loss: 2.466554 	Validation Loss: 3.149812 Test Accuracy: 0.371
Epoch: 15 	Training Loss: 2.450667 	Validation Loss: 3.138028 Test Accuracy: 0.369
Epoch: 16 	Training Loss: 2.413133 	Validation Loss: 3.120441 Test Accuracy: 0.376
Epoch: 17 	Training Loss: 2.388928 	Validation Loss: 3.119801 Test Accuracy: 0.376
Epoch: 18 	Training Loss: 2.371779 	Validation Loss: 3.112805 Test Accuracy: 0.377
Epoch: 19 	Training Loss: 2.345151 	Validation Loss: 3.102293 Test Accuracy: 0.379
Epoch: 20 	Training Loss: 2.329345 	Validation Loss: 3.084206 Test Accuracy: 0.384
Epoch: 21 	Training Loss: 2.260290 	Validation Loss: 3.041021 Test Accuracy: 0.384
Epoch: 22 	Training Loss: 2.250126 	Validation Loss: 3.069020 Test Accuracy: 0.384
Epoch: 23 	Training Loss: 2.245719 	Validation Loss: 3.066803 Test Accuracy: 0.385
Epoch: 24 	Training Loss: 2.237272 	Validation Loss: 3.047387 Test Accuracy: 0.393
Epoch: 25 	Training Loss: 2.232175 	Validation Loss: 3.030146 Test Accuracy: 0.394
Epoch: 26 	Training Loss: 2.229253 	Validation Loss: 3.048886 Test Accuracy: 0.386
Epoch: 27 	Training Loss: 2.231257 	Validation Loss: 3.042428 Test Accuracy: 0.387
Epoch: 28 	Training Loss: 2.213256 	Validation Loss: 3.021656 Test Accuracy: 0.390
Epoch: 29 	Training Loss: 2.218948 	Validation Loss: 3.038372 Test Accuracy: 0.390
Epoch: 30 	Training Loss: 2.221517 	Validation Loss: 3.021251 Test Accuracy: 0.393
