/user_data/vayzenbe/GitHub_Repos/vonenet/vonenet/params.py:59: RuntimeWarning: invalid value encountered in true_divide
  ny_dist_marg = n_joint_dist / n_joint_dist.sum(axis=1, keepdims=True)
/home/vayzenbe/anaconda3/envs/ml/lib/python3.9/site-packages/torch/functional.py:478: UserWarning: torch.meshgrid: in an upcoming release, it will be required to pass the indexing argument. (Triggered internally at  /opt/conda/conda-bld/pytorch_1659484775609/work/aten/src/ATen/native/TensorShape.cpp:2895.)
  return _VF.meshgrid(tensors, **kwargs)  # type: ignore[attr-defined]
libs loaded
cornets_ff_
cornets_ff_
Neuronal distributions gabor parameters
Model:  VOneCORnet-S feedforward
starting training...
/home/vayzenbe/anaconda3/envs/ml/lib/python3.9/site-packages/PIL/TiffImagePlugin.py:858: UserWarning: Corrupt EXIF data.  Expecting to read 2 bytes but only got 0. 
  warnings.warn(str(msg))
/home/vayzenbe/anaconda3/envs/ml/lib/python3.9/site-packages/PIL/TiffImagePlugin.py:858: UserWarning: Truncated File Read
  warnings.warn(str(msg))
/home/vayzenbe/anaconda3/envs/ml/lib/python3.9/site-packages/PIL/TiffImagePlugin.py:858: UserWarning: Corrupt EXIF data.  Expecting to read 2 bytes but only got 0. 
  warnings.warn(str(msg))
/home/vayzenbe/anaconda3/envs/ml/lib/python3.9/site-packages/PIL/TiffImagePlugin.py:858: UserWarning: Corrupt EXIF data.  Expecting to read 2 bytes but only got 0. 
  warnings.warn(str(msg))
/home/vayzenbe/anaconda3/envs/ml/lib/python3.9/site-packages/PIL/TiffImagePlugin.py:858: UserWarning: Truncated File Read
  warnings.warn(str(msg))
slurmstepd: error: *** JOB 1601354 ON mind-1-5 CANCELLED AT 2023-05-12T11:15:23 ***
