libs loaded
cornet_z_ecoset
cornet_z_ecoset
starting training...
/home/vayzenbe/anaconda3/envs/ml/lib/python3.9/site-packages/PIL/TiffImagePlugin.py:858: UserWarning: Corrupt EXIF data.  Expecting to read 2 bytes but only got 0. 
  warnings.warn(str(msg))
/home/vayzenbe/anaconda3/envs/ml/lib/python3.9/site-packages/PIL/TiffImagePlugin.py:858: UserWarning: Truncated File Read
  warnings.warn(str(msg))
/home/vayzenbe/anaconda3/envs/ml/lib/python3.9/site-packages/PIL/TiffImagePlugin.py:858: UserWarning: Corrupt EXIF data.  Expecting to read 2 bytes but only got 0. 
  warnings.warn(str(msg))
/home/vayzenbe/anaconda3/envs/ml/lib/python3.9/site-packages/PIL/TiffImagePlugin.py:858: UserWarning: Corrupt EXIF data.  Expecting to read 2 bytes but only got 0. 
  warnings.warn(str(msg))
/home/vayzenbe/anaconda3/envs/ml/lib/python3.9/site-packages/PIL/TiffImagePlugin.py:858: UserWarning: Truncated File Read
  warnings.warn(str(msg))
/home/vayzenbe/anaconda3/envs/ml/lib/python3.9/site-packages/PIL/TiffImagePlugin.py:858: UserWarning: Corrupt EXIF data.  Expecting to read 2 bytes but only got 0. 
  warnings.warn(str(msg))
/home/vayzenbe/anaconda3/envs/ml/lib/python3.9/site-packages/PIL/Image.py:3167: DecompressionBombWarning: Image size (100000000 pixels) exceeds limit of 89478485 pixels, could be decompression bomb DOS attack.
  warnings.warn(
/home/vayzenbe/anaconda3/envs/ml/lib/python3.9/site-packages/PIL/Image.py:3167: DecompressionBombWarning: Image size (111224503 pixels) exceeds limit of 89478485 pixels, could be decompression bomb DOS attack.
  warnings.warn(
Epoch: 1 	Training Loss: 4.979397 	Validation Loss: 4.911310 Test Accuracy: 0.091
/home/vayzenbe/anaconda3/envs/ml/lib/python3.9/site-packages/PIL/TiffImagePlugin.py:858: UserWarning: Corrupt EXIF data.  Expecting to read 2 bytes but only got 0. 
  warnings.warn(str(msg))
/home/vayzenbe/anaconda3/envs/ml/lib/python3.9/site-packages/PIL/TiffImagePlugin.py:858: UserWarning: Corrupt EXIF data.  Expecting to read 2 bytes but only got 0. 
  warnings.warn(str(msg))
/home/vayzenbe/anaconda3/envs/ml/lib/python3.9/site-packages/PIL/TiffImagePlugin.py:858: UserWarning: Truncated File Read
  warnings.warn(str(msg))
/home/vayzenbe/anaconda3/envs/ml/lib/python3.9/site-packages/PIL/TiffImagePlugin.py:858: UserWarning: Corrupt EXIF data.  Expecting to read 2 bytes but only got 0. 
  warnings.warn(str(msg))
/home/vayzenbe/anaconda3/envs/ml/lib/python3.9/site-packages/PIL/TiffImagePlugin.py:858: UserWarning: Truncated File Read
  warnings.warn(str(msg))
/home/vayzenbe/anaconda3/envs/ml/lib/python3.9/site-packages/PIL/TiffImagePlugin.py:858: UserWarning: Corrupt EXIF data.  Expecting to read 2 bytes but only got 0. 
  warnings.warn(str(msg))
/home/vayzenbe/anaconda3/envs/ml/lib/python3.9/site-packages/PIL/Image.py:3167: DecompressionBombWarning: Image size (111224503 pixels) exceeds limit of 89478485 pixels, could be decompression bomb DOS attack.
  warnings.warn(
/home/vayzenbe/anaconda3/envs/ml/lib/python3.9/site-packages/PIL/Image.py:3167: DecompressionBombWarning: Image size (100000000 pixels) exceeds limit of 89478485 pixels, could be decompression bomb DOS attack.
  warnings.warn(
Epoch: 2 	Training Loss: 4.439175 	Validation Loss: 4.676683 Test Accuracy: 0.120
/home/vayzenbe/anaconda3/envs/ml/lib/python3.9/site-packages/PIL/TiffImagePlugin.py:858: UserWarning: Corrupt EXIF data.  Expecting to read 2 bytes but only got 0. 
  warnings.warn(str(msg))
/home/vayzenbe/anaconda3/envs/ml/lib/python3.9/site-packages/PIL/TiffImagePlugin.py:858: UserWarning: Corrupt EXIF data.  Expecting to read 2 bytes but only got 0. 
  warnings.warn(str(msg))
/home/vayzenbe/anaconda3/envs/ml/lib/python3.9/site-packages/PIL/TiffImagePlugin.py:858: UserWarning: Truncated File Read
  warnings.warn(str(msg))
/home/vayzenbe/anaconda3/envs/ml/lib/python3.9/site-packages/PIL/TiffImagePlugin.py:858: UserWarning: Corrupt EXIF data.  Expecting to read 2 bytes but only got 0. 
  warnings.warn(str(msg))
/home/vayzenbe/anaconda3/envs/ml/lib/python3.9/site-packages/PIL/Image.py:3167: DecompressionBombWarning: Image size (100000000 pixels) exceeds limit of 89478485 pixels, could be decompression bomb DOS attack.
  warnings.warn(
/home/vayzenbe/anaconda3/envs/ml/lib/python3.9/site-packages/PIL/TiffImagePlugin.py:858: UserWarning: Truncated File Read
  warnings.warn(str(msg))
/home/vayzenbe/anaconda3/envs/ml/lib/python3.9/site-packages/PIL/Image.py:3167: DecompressionBombWarning: Image size (111224503 pixels) exceeds limit of 89478485 pixels, could be decompression bomb DOS attack.
  warnings.warn(
/home/vayzenbe/anaconda3/envs/ml/lib/python3.9/site-packages/PIL/TiffImagePlugin.py:858: UserWarning: Truncated File Read
  warnings.warn(str(msg))
/home/vayzenbe/anaconda3/envs/ml/lib/python3.9/site-packages/PIL/TiffImagePlugin.py:858: UserWarning: Corrupt EXIF data.  Expecting to read 2 bytes but only got 0. 
  warnings.warn(str(msg))
Epoch: 3 	Training Loss: 4.296316 	Validation Loss: 4.526596 Test Accuracy: 0.140
/home/vayzenbe/anaconda3/envs/ml/lib/python3.9/site-packages/PIL/Image.py:3167: DecompressionBombWarning: Image size (111224503 pixels) exceeds limit of 89478485 pixels, could be decompression bomb DOS attack.
  warnings.warn(
/home/vayzenbe/anaconda3/envs/ml/lib/python3.9/site-packages/PIL/TiffImagePlugin.py:858: UserWarning: Truncated File Read
  warnings.warn(str(msg))
/home/vayzenbe/anaconda3/envs/ml/lib/python3.9/site-packages/PIL/TiffImagePlugin.py:858: UserWarning: Corrupt EXIF data.  Expecting to read 2 bytes but only got 0. 
  warnings.warn(str(msg))
/home/vayzenbe/anaconda3/envs/ml/lib/python3.9/site-packages/PIL/TiffImagePlugin.py:858: UserWarning: Corrupt EXIF data.  Expecting to read 2 bytes but only got 0. 
  warnings.warn(str(msg))
/home/vayzenbe/anaconda3/envs/ml/lib/python3.9/site-packages/PIL/Image.py:3167: DecompressionBombWarning: Image size (100000000 pixels) exceeds limit of 89478485 pixels, could be decompression bomb DOS attack.
  warnings.warn(
/home/vayzenbe/anaconda3/envs/ml/lib/python3.9/site-packages/PIL/TiffImagePlugin.py:858: UserWarning: Corrupt EXIF data.  Expecting to read 2 bytes but only got 0. 
  warnings.warn(str(msg))
/home/vayzenbe/anaconda3/envs/ml/lib/python3.9/site-packages/PIL/TiffImagePlugin.py:858: UserWarning: Corrupt EXIF data.  Expecting to read 2 bytes but only got 0. 
  warnings.warn(str(msg))
/home/vayzenbe/anaconda3/envs/ml/lib/python3.9/site-packages/PIL/TiffImagePlugin.py:858: UserWarning: Truncated File Read
  warnings.warn(str(msg))
/home/vayzenbe/anaconda3/envs/ml/lib/python3.9/site-packages/PIL/TiffImagePlugin.py:858: UserWarning: Truncated File Read
  warnings.warn(str(msg))
Epoch: 4 	Training Loss: 4.230526 	Validation Loss: 4.534261 Test Accuracy: 0.142
/home/vayzenbe/anaconda3/envs/ml/lib/python3.9/site-packages/PIL/Image.py:3167: DecompressionBombWarning: Image size (100000000 pixels) exceeds limit of 89478485 pixels, could be decompression bomb DOS attack.
  warnings.warn(
/home/vayzenbe/anaconda3/envs/ml/lib/python3.9/site-packages/PIL/TiffImagePlugin.py:858: UserWarning: Corrupt EXIF data.  Expecting to read 2 bytes but only got 0. 
  warnings.warn(str(msg))
/home/vayzenbe/anaconda3/envs/ml/lib/python3.9/site-packages/PIL/TiffImagePlugin.py:858: UserWarning: Corrupt EXIF data.  Expecting to read 2 bytes but only got 0. 
  warnings.warn(str(msg))
/home/vayzenbe/anaconda3/envs/ml/lib/python3.9/site-packages/PIL/TiffImagePlugin.py:858: UserWarning: Truncated File Read
  warnings.warn(str(msg))
/home/vayzenbe/anaconda3/envs/ml/lib/python3.9/site-packages/PIL/TiffImagePlugin.py:858: UserWarning: Corrupt EXIF data.  Expecting to read 2 bytes but only got 0. 
  warnings.warn(str(msg))
/home/vayzenbe/anaconda3/envs/ml/lib/python3.9/site-packages/PIL/TiffImagePlugin.py:858: UserWarning: Corrupt EXIF data.  Expecting to read 2 bytes but only got 0. 
  warnings.warn(str(msg))
/home/vayzenbe/anaconda3/envs/ml/lib/python3.9/site-packages/PIL/Image.py:3167: DecompressionBombWarning: Image size (111224503 pixels) exceeds limit of 89478485 pixels, could be decompression bomb DOS attack.
  warnings.warn(
/home/vayzenbe/anaconda3/envs/ml/lib/python3.9/site-packages/PIL/TiffImagePlugin.py:858: UserWarning: Truncated File Read
  warnings.warn(str(msg))
Epoch: 5 	Training Loss: 4.193225 	Validation Loss: 4.500679 Test Accuracy: 0.141
