libraries loaded...
vit guitar
extracting features...
vit chair
extracting features...
vit squirrel
extracting features...
vit fork
extracting features...
vit flower
extracting features...
vit cow
extracting features...
vit foot
extracting features...
vit kite
extracting features...
vit cat
extracting features...
vit apple
extracting features...
vit leaf
extracting features...
vit bird
extracting features...
vit airplane
extracting features...
vit umbrella
extracting features...
vit frog
extracting features...
vit tree
extracting features...
vit rabbit
extracting features...
vit hand
extracting features...
vit spoon
extracting features...
vit butterfly
extracting features...
vit duck
extracting features...
vit bear
extracting features...
vit truck
extracting features...
Traceback (most recent call last):
  File "/user_data/vayzenbe/GitHub_Repos/kornet/modelling/extract_acts.py", line 204, in <module>
    acts = extract_acts(model, cat_dir, transform, layer_call)
  File "/user_data/vayzenbe/GitHub_Repos/kornet/modelling/extract_acts.py", line 188, in extract_acts
    acts= np.append(acts, out,axis = 0)
  File "<__array_function__ internals>", line 5, in append
  File "/home/vayzenbe/anaconda3/envs/ml/lib/python3.9/site-packages/numpy/lib/function_base.py", line 4817, in append
    return concatenate((arr, values), axis=axis)
  File "<__array_function__ internals>", line 5, in concatenate
  File "/home/vayzenbe/anaconda3/envs/ml/lib/python3.9/site-packages/torch/utils/data/_utils/signal_handling.py", line 66, in handler
    _error_if_any_worker_fails()
RuntimeError: DataLoader worker (pid 10937) is killed by signal: Killed. 
slurmstepd: error: Detected 1074 oom-kill event(s) in step 1604772.batch cgroup. Some of your processes may have been killed by the cgroup out-of-memory handler.
