copied /lab_data/behrmannlab/image_sets//stylized-ecoset
libs loaded
vonenet_ff_stylized-ecoset
vonenet_ff_stylized-ecoset
Neuronal distributions gabor parameters
Model:  VOneCORnet-S feedforward
starting training...
Epoch: 1 	Training Loss: 5.933502 	Validation Loss: 6.057945 Test Accuracy: 0.021
Epoch: 2 	Training Loss: 5.431175 	Validation Loss: 5.703589 Test Accuracy: 0.042
Epoch: 3 	Training Loss: 5.226645 	Validation Loss: 5.545039 Test Accuracy: 0.054
Epoch: 4 	Training Loss: 5.118558 	Validation Loss: 5.451455 Test Accuracy: 0.063
Epoch: 5 	Training Loss: 5.055241 	Validation Loss: 5.527185 Test Accuracy: 0.056
Epoch: 6 	Training Loss: 5.011958 	Validation Loss: 5.402545 Test Accuracy: 0.067
Epoch: 7 	Training Loss: 4.981838 	Validation Loss: 5.492466 Test Accuracy: 0.063
Epoch: 8 	Training Loss: 4.956608 	Validation Loss: 5.465055 Test Accuracy: 0.068
Epoch: 9 	Training Loss: 4.937986 	Validation Loss: 5.377102 Test Accuracy: 0.070
Epoch: 10 	Training Loss: 4.926191 	Validation Loss: 5.526075 Test Accuracy: 0.061
Epoch: 11 	Training Loss: 4.452060 	Validation Loss: 4.647476 Test Accuracy: 0.144
Epoch: 12 	Training Loss: 4.334823 	Validation Loss: 4.606714 Test Accuracy: 0.149
Epoch: 13 	Training Loss: 4.293804 	Validation Loss: 4.591511 Test Accuracy: 0.151
Epoch: 14 	Training Loss: 4.274744 	Validation Loss: 4.571734 Test Accuracy: 0.152
Epoch: 15 	Training Loss: 4.261666 	Validation Loss: 4.602323 Test Accuracy: 0.155
Epoch: 16 	Training Loss: 4.247579 	Validation Loss: 4.577789 Test Accuracy: 0.155
Epoch: 17 	Training Loss: 4.237266 	Validation Loss: 4.559217 Test Accuracy: 0.158
Epoch: 18 	Training Loss: 4.223906 	Validation Loss: 4.544010 Test Accuracy: 0.158
Epoch: 19 	Training Loss: 4.213193 	Validation Loss: 4.514606 Test Accuracy: 0.163
Epoch: 20 	Training Loss: 4.205508 	Validation Loss: 4.537968 Test Accuracy: 0.160
Epoch: 21 	Training Loss: 3.989031 	Validation Loss: 4.254368 Test Accuracy: 0.196
Epoch: 22 	Training Loss: 3.937901 	Validation Loss: 4.196173 Test Accuracy: 0.205
Epoch: 23 	Training Loss: 3.914472 	Validation Loss: 4.196697 Test Accuracy: 0.202
Epoch: 24 	Training Loss: 3.895185 	Validation Loss: 4.183945 Test Accuracy: 0.205
Epoch: 25 	Training Loss: 3.879381 	Validation Loss: 4.176242 Test Accuracy: 0.206
Epoch: 26 	Training Loss: 3.867513 	Validation Loss: 4.155997 Test Accuracy: 0.211
Epoch: 27 	Training Loss: 3.855197 	Validation Loss: 4.141921 Test Accuracy: 0.209
Epoch: 28 	Training Loss: 3.845702 	Validation Loss: 4.149205 Test Accuracy: 0.211
Epoch: 29 	Training Loss: 3.836511 	Validation Loss: 4.131220 Test Accuracy: 0.213
Epoch: 30 	Training Loss: 3.826001 	Validation Loss: 4.115613 Test Accuracy: 0.216
Epoch: 31 	Training Loss: 3.785618 	Validation Loss: 4.097425 Test Accuracy: 0.216
Epoch: 32 	Training Loss: 3.778057 	Validation Loss: 4.081555 Test Accuracy: 0.217
Epoch: 33 	Training Loss: 3.776446 	Validation Loss: 4.085450 Test Accuracy: 0.216
Epoch: 34 	Training Loss: 3.770464 	Validation Loss: 4.071165 Test Accuracy: 0.221
Epoch: 35 	Training Loss: 3.770750 	Validation Loss: 4.063617 Test Accuracy: 0.222
Epoch: 36 	Training Loss: 3.767751 	Validation Loss: 4.079145 Test Accuracy: 0.217
Epoch: 37 	Training Loss: 3.766431 	Validation Loss: 4.069582 Test Accuracy: 0.221
Epoch: 38 	Training Loss: 3.763822 	Validation Loss: 4.071462 Test Accuracy: 0.223
Epoch: 39 	Training Loss: 3.760886 	Validation Loss: 4.079615 Test Accuracy: 0.219
Epoch: 40 	Training Loss: 3.757709 	Validation Loss: 4.068152 Test Accuracy: 0.221
Epoch: 41 	Training Loss: 3.756808 	Validation Loss: 4.066714 Test Accuracy: 0.219
Epoch: 42 	Training Loss: 3.757014 	Validation Loss: 4.063875 Test Accuracy: 0.221
Epoch: 43 	Training Loss: 3.754259 	Validation Loss: 4.071019 Test Accuracy: 0.222
Epoch: 44 	Training Loss: 3.753754 	Validation Loss: 4.068841 Test Accuracy: 0.221
Epoch: 45 	Training Loss: 3.753979 	Validation Loss: 4.061915 Test Accuracy: 0.220
slurmstepd: error: *** JOB 1611139 ON mind-1-9 CANCELLED AT 2023-06-11T11:42:36 DUE TO TIME LIMIT ***
