copied /lab_data/behrmannlab/image_sets//stylized-ecoset
libs loaded
vonenet_ff_stylized-ecoset
vonenet_ff_stylized-ecoset
Neuronal distributions gabor parameters
Model:  VOneCORnet-S feedforward
starting training...
Epoch: 1 	Training Loss: 5.936241 	Validation Loss: 6.069389 Test Accuracy: 0.019
Epoch: 2 	Training Loss: 5.425430 	Validation Loss: 5.706836 Test Accuracy: 0.042
Epoch: 3 	Training Loss: 5.216960 	Validation Loss: 5.614343 Test Accuracy: 0.050
Epoch: 4 	Training Loss: 5.114056 	Validation Loss: 5.522765 Test Accuracy: 0.058
Epoch: 5 	Training Loss: 5.053013 	Validation Loss: 5.442641 Test Accuracy: 0.064
Epoch: 6 	Training Loss: 5.012486 	Validation Loss: 5.443064 Test Accuracy: 0.066
Epoch: 7 	Training Loss: 4.982922 	Validation Loss: 5.482581 Test Accuracy: 0.063
Epoch: 8 	Training Loss: 4.956453 	Validation Loss: 5.714468 Test Accuracy: 0.055
Epoch: 9 	Training Loss: 4.938574 	Validation Loss: 5.398332 Test Accuracy: 0.070
Epoch: 10 	Training Loss: 4.926079 	Validation Loss: 5.401614 Test Accuracy: 0.068
Epoch: 11 	Training Loss: 4.451257 	Validation Loss: 4.648875 Test Accuracy: 0.145
Epoch: 12 	Training Loss: 4.333231 	Validation Loss: 4.603730 Test Accuracy: 0.148
Epoch: 13 	Training Loss: 4.293699 	Validation Loss: 4.580914 Test Accuracy: 0.152
Epoch: 14 	Training Loss: 4.272709 	Validation Loss: 4.557876 Test Accuracy: 0.154
Epoch: 15 	Training Loss: 4.260293 	Validation Loss: 4.594718 Test Accuracy: 0.156
Epoch: 16 	Training Loss: 4.246797 	Validation Loss: 4.548368 Test Accuracy: 0.158
Epoch: 17 	Training Loss: 4.236610 	Validation Loss: 4.540352 Test Accuracy: 0.159
Epoch: 18 	Training Loss: 4.222414 	Validation Loss: 4.533032 Test Accuracy: 0.159
Epoch: 19 	Training Loss: 4.212232 	Validation Loss: 4.544253 Test Accuracy: 0.160
Epoch: 20 	Training Loss: 4.203172 	Validation Loss: 4.581877 Test Accuracy: 0.155
Epoch: 21 	Training Loss: 3.986093 	Validation Loss: 4.242568 Test Accuracy: 0.197
Epoch: 22 	Training Loss: 3.935474 	Validation Loss: 4.194069 Test Accuracy: 0.204
Epoch: 23 	Training Loss: 3.912026 	Validation Loss: 4.186598 Test Accuracy: 0.204
Epoch: 24 	Training Loss: 3.893190 	Validation Loss: 4.175111 Test Accuracy: 0.206
Epoch: 25 	Training Loss: 3.877327 	Validation Loss: 4.168685 Test Accuracy: 0.208
Epoch: 26 	Training Loss: 3.864620 	Validation Loss: 4.148102 Test Accuracy: 0.212
Epoch: 27 	Training Loss: 3.852181 	Validation Loss: 4.137906 Test Accuracy: 0.208
Epoch: 28 	Training Loss: 3.842500 	Validation Loss: 4.151599 Test Accuracy: 0.208
slurmstepd: error: *** JOB 1621558 ON mind-1-5 CANCELLED AT 2023-06-27T12:00:50 DUE TO TIME LIMIT ***
