copied /lab_data/plautlab/imagesets//ecoset
libs loaded
vonenet_r_ecoset
vonenet_r_ecoset
Neuronal distributions gabor parameters
Model:  VOneCORnet-S
=> loading checkpoint '/lab_data/behrmannlab/vlad/kornet/modelling/weights/vonenet_r_ecoset_checkpoint_1.pth.tar'
=> loaded checkpoint '/lab_data/behrmannlab/vlad/kornet/modelling/weights/vonenet_r_ecoset_checkpoint_1.pth.tar' (epoch 33)
starting training...
Epoch: 33 	Training Loss: 1.285738 	Validation Loss: 1.600640 Test Accuracy: 0.643
Epoch: 34 	Training Loss: 1.273144 	Validation Loss: 1.593226 Test Accuracy: 0.642
Epoch: 35 	Training Loss: 1.267340 	Validation Loss: 1.601153 Test Accuracy: 0.639
Epoch: 36 	Training Loss: 1.266060 	Validation Loss: 1.591443 Test Accuracy: 0.644
Epoch: 37 	Training Loss: 1.262631 	Validation Loss: 1.582957 Test Accuracy: 0.643
Epoch: 38 	Training Loss: 1.258997 	Validation Loss: 1.582991 Test Accuracy: 0.642
Epoch: 39 	Training Loss: 1.257160 	Validation Loss: 1.600797 Test Accuracy: 0.638
Epoch: 40 	Training Loss: 1.254792 	Validation Loss: 1.598934 Test Accuracy: 0.641
Epoch: 41 	Training Loss: 1.251436 	Validation Loss: 1.583709 Test Accuracy: 0.643
Epoch: 42 	Training Loss: 1.248920 	Validation Loss: 1.585546 Test Accuracy: 0.645
Epoch: 43 	Training Loss: 1.244931 	Validation Loss: 1.590106 Test Accuracy: 0.643
Epoch: 44 	Training Loss: 1.243238 	Validation Loss: 1.584486 Test Accuracy: 0.644
Epoch: 45 	Training Loss: 1.244245 	Validation Loss: 1.576705 Test Accuracy: 0.643
Epoch: 46 	Training Loss: 1.242142 	Validation Loss: 1.588981 Test Accuracy: 0.643
Epoch: 47 	Training Loss: 1.243977 	Validation Loss: 1.582210 Test Accuracy: 0.645
Epoch: 48 	Training Loss: 1.241703 	Validation Loss: 1.592717 Test Accuracy: 0.641
Epoch: 49 	Training Loss: 1.240592 	Validation Loss: 1.573931 Test Accuracy: 0.646
slurmstepd: error: *** JOB 1612208 ON mind-1-5 CANCELLED AT 2023-06-12T19:33:48 DUE TO TIME LIMIT ***
