copied /lab_data/behrmannlab/image_sets//stylized-ecoset
libs loaded
vonenet_ff_stylized-ecoset
vonenet_ff_stylized-ecoset
Neuronal distributions gabor parameters
Model:  VOneCORnet-S feedforward
starting training...
Epoch: 1 	Training Loss: 5.924753 	Validation Loss: 6.005614 Test Accuracy: 0.021
Epoch: 2 	Training Loss: 5.410051 	Validation Loss: 5.690554 Test Accuracy: 0.044
Epoch: 3 	Training Loss: 5.210937 	Validation Loss: 5.883530 Test Accuracy: 0.044
Epoch: 4 	Training Loss: 5.114468 	Validation Loss: 5.467926 Test Accuracy: 0.062
Epoch: 5 	Training Loss: 5.056471 	Validation Loss: 5.448673 Test Accuracy: 0.063
Epoch: 6 	Training Loss: 5.017659 	Validation Loss: 5.420318 Test Accuracy: 0.067
Epoch: 7 	Training Loss: 4.987680 	Validation Loss: 5.307594 Test Accuracy: 0.075
Epoch: 8 	Training Loss: 4.961955 	Validation Loss: 5.371828 Test Accuracy: 0.067
Epoch: 9 	Training Loss: 4.943083 	Validation Loss: 5.415397 Test Accuracy: 0.070
Epoch: 10 	Training Loss: 4.929193 	Validation Loss: 5.420242 Test Accuracy: 0.068
Epoch: 11 	Training Loss: 4.457440 	Validation Loss: 4.666397 Test Accuracy: 0.138
Epoch: 12 	Training Loss: 4.342044 	Validation Loss: 4.620745 Test Accuracy: 0.146
Epoch: 13 	Training Loss: 4.302707 	Validation Loss: 4.611799 Test Accuracy: 0.150
Epoch: 14 	Training Loss: 4.282184 	Validation Loss: 4.635944 Test Accuracy: 0.149
Epoch: 15 	Training Loss: 4.267454 	Validation Loss: 4.568255 Test Accuracy: 0.157
Epoch: 16 	Training Loss: 4.253711 	Validation Loss: 4.574042 Test Accuracy: 0.154
Epoch: 17 	Training Loss: 4.240471 	Validation Loss: 4.572996 Test Accuracy: 0.158
Epoch: 18 	Training Loss: 4.231117 	Validation Loss: 4.541632 Test Accuracy: 0.160
Epoch: 19 	Training Loss: 4.218599 	Validation Loss: 4.549356 Test Accuracy: 0.159
Epoch: 20 	Training Loss: 4.209169 	Validation Loss: 4.595291 Test Accuracy: 0.155
Epoch: 21 	Training Loss: 3.994730 	Validation Loss: 4.244987 Test Accuracy: 0.198
Epoch: 22 	Training Loss: 3.943891 	Validation Loss: 4.220987 Test Accuracy: 0.200
Epoch: 23 	Training Loss: 3.918529 	Validation Loss: 4.179056 Test Accuracy: 0.205
Epoch: 24 	Training Loss: 3.898721 	Validation Loss: 4.192048 Test Accuracy: 0.200
Epoch: 25 	Training Loss: 3.883906 	Validation Loss: 4.169774 Test Accuracy: 0.206
