
libs loaded
vonenet_ff_stylized-ecoset
vonenet_ff_stylized-ecoset
Neuronal distributions gabor parameters
Model:  VOneCORnet-S feedforward
starting training...
Epoch: 1 	Training Loss: 5.929694 	Validation Loss: 6.039228 Test Accuracy: 0.019
Epoch: 2 	Training Loss: 5.418008 	Validation Loss: 5.711917 Test Accuracy: 0.043
Epoch: 3 	Training Loss: 5.212160 	Validation Loss: 5.716275 Test Accuracy: 0.051
Epoch: 4 	Training Loss: 5.113572 	Validation Loss: 5.566677 Test Accuracy: 0.057
Epoch: 5 	Training Loss: 5.053132 	Validation Loss: 5.466279 Test Accuracy: 0.059
Epoch: 6 	Training Loss: 5.015393 	Validation Loss: 5.408802 Test Accuracy: 0.068
Epoch: 7 	Training Loss: 4.985807 	Validation Loss: 5.415682 Test Accuracy: 0.066
Epoch: 8 	Training Loss: 4.962249 	Validation Loss: 5.482612 Test Accuracy: 0.058
Epoch: 9 	Training Loss: 4.943114 	Validation Loss: 5.532219 Test Accuracy: 0.066
Epoch: 10 	Training Loss: 4.928560 	Validation Loss: 5.612786 Test Accuracy: 0.058
Epoch: 11 	Training Loss: 4.456442 	Validation Loss: 4.657253 Test Accuracy: 0.140
Epoch: 12 	Training Loss: 4.340851 	Validation Loss: 4.608828 Test Accuracy: 0.147
Epoch: 13 	Training Loss: 4.301778 	Validation Loss: 4.616686 Test Accuracy: 0.149
Epoch: 14 	Training Loss: 4.280580 	Validation Loss: 4.591550 Test Accuracy: 0.155
Epoch: 15 	Training Loss: 4.265140 	Validation Loss: 4.603873 Test Accuracy: 0.152
Epoch: 16 	Training Loss: 4.253207 	Validation Loss: 4.560581 Test Accuracy: 0.155
Epoch: 17 	Training Loss: 4.240124 	Validation Loss: 4.556195 Test Accuracy: 0.161
Epoch: 18 	Training Loss: 4.230715 	Validation Loss: 4.558489 Test Accuracy: 0.157
Epoch: 19 	Training Loss: 4.219716 	Validation Loss: 4.565920 Test Accuracy: 0.159
Epoch: 20 	Training Loss: 4.210624 	Validation Loss: 4.585285 Test Accuracy: 0.155
Epoch: 21 	Training Loss: 3.995908 	Validation Loss: 4.251562 Test Accuracy: 0.198
Epoch: 22 	Training Loss: 3.944831 	Validation Loss: 4.226887 Test Accuracy: 0.199
Epoch: 23 	Training Loss: 3.919498 	Validation Loss: 4.189572 Test Accuracy: 0.204
Epoch: 24 	Training Loss: 3.899869 	Validation Loss: 4.197614 Test Accuracy: 0.201
Epoch: 25 	Training Loss: 3.885494 	Validation Loss: 4.173574 Test Accuracy: 0.206
Epoch: 26 	Training Loss: 3.870937 	Validation Loss: 4.161827 Test Accuracy: 0.208
Epoch: 27 	Training Loss: 3.862747 	Validation Loss: 4.148476 Test Accuracy: 0.208
Epoch: 28 	Training Loss: 3.850271 	Validation Loss: 4.132683 Test Accuracy: 0.208
Epoch: 29 	Training Loss: 3.841995 	Validation Loss: 4.135383 Test Accuracy: 0.209
Epoch: 30 	Training Loss: 3.833423 	Validation Loss: 4.141539 Test Accuracy: 0.213
Epoch: 31 	Training Loss: 3.793122 	Validation Loss: 4.090526 Test Accuracy: 0.219
Epoch: 32 	Training Loss: 3.784755 	Validation Loss: 4.087174 Test Accuracy: 0.216
Epoch: 33 	Training Loss: 3.779298 	Validation Loss: 4.080788 Test Accuracy: 0.217
Epoch: 34 	Training Loss: 3.777419 	Validation Loss: 4.075605 Test Accuracy: 0.222
Epoch: 35 	Training Loss: 3.776094 	Validation Loss: 4.095985 Test Accuracy: 0.218
Epoch: 36 	Training Loss: 3.771655 	Validation Loss: 4.074297 Test Accuracy: 0.220
Epoch: 37 	Training Loss: 3.772392 	Validation Loss: 4.068597 Test Accuracy: 0.221
Epoch: 38 	Training Loss: 3.767928 	Validation Loss: 4.068191 Test Accuracy: 0.220
Epoch: 39 	Training Loss: 3.766739 	Validation Loss: 4.073746 Test Accuracy: 0.221
Epoch: 40 	Training Loss: 3.763796 	Validation Loss: 4.068290 Test Accuracy: 0.219
Epoch: 41 	Training Loss: 3.760190 	Validation Loss: 4.076217 Test Accuracy: 0.222
Epoch: 42 	Training Loss: 3.761297 	Validation Loss: 4.072759 Test Accuracy: 0.222
Epoch: 43 	Training Loss: 3.759609 	Validation Loss: 4.075201 Test Accuracy: 0.222
Epoch: 44 	Training Loss: 3.760287 	Validation Loss: 4.079192 Test Accuracy: 0.220
Epoch: 45 	Training Loss: 3.757726 	Validation Loss: 4.074868 Test Accuracy: 0.222
Epoch: 46 	Training Loss: 3.757934 	Validation Loss: 4.078098 Test Accuracy: 0.219
Epoch: 47 	Training Loss: 3.758540 	Validation Loss: 4.057634 Test Accuracy: 0.223
Epoch: 48 	Training Loss: 3.758809 	Validation Loss: 4.079905 Test Accuracy: 0.222
Epoch: 49 	Training Loss: 3.757758 	Validation Loss: 4.077775 Test Accuracy: 0.220
Epoch: 50 	Training Loss: 3.756861 	Validation Loss: 4.086424 Test Accuracy: 0.220
Epoch: 51 	Training Loss: 3.758679 	Validation Loss: 4.055623 Test Accuracy: 0.222
Epoch: 52 	Training Loss: 3.755959 	Validation Loss: 4.085410 Test Accuracy: 0.221
Epoch: 53 	Training Loss: 3.756300 	Validation Loss: 4.079769 Test Accuracy: 0.220
Epoch: 54 	Training Loss: 3.756273 	Validation Loss: 4.067681 Test Accuracy: 0.220
Epoch: 55 	Training Loss: 3.755937 	Validation Loss: 4.060777 Test Accuracy: 0.222
Epoch: 56 	Training Loss: 3.754421 	Validation Loss: 4.071994 Test Accuracy: 0.218
Epoch: 57 	Training Loss: 3.755879 	Validation Loss: 4.064582 Test Accuracy: 0.222
Epoch: 58 	Training Loss: 3.755617 	Validation Loss: 4.060143 Test Accuracy: 0.220
Epoch: 59 	Training Loss: 3.756920 	Validation Loss: 4.077184 Test Accuracy: 0.220
Epoch: 60 	Training Loss: 3.756478 	Validation Loss: 4.049622 Test Accuracy: 0.224
Epoch: 61 	Training Loss: 3.754891 	Validation Loss: 4.065766 Test Accuracy: 0.220
Epoch: 62 	Training Loss: 3.755296 	Validation Loss: 4.068732 Test Accuracy: 0.221
Epoch: 63 	Training Loss: 3.755841 	Validation Loss: 4.080787 Test Accuracy: 0.220
Epoch: 64 	Training Loss: 3.756506 	Validation Loss: 4.068456 Test Accuracy: 0.220
Epoch: 65 	Training Loss: 3.755745 	Validation Loss: 4.074634 Test Accuracy: 0.218
Epoch: 66 	Training Loss: 3.755581 	Validation Loss: 4.065804 Test Accuracy: 0.220
Epoch: 67 	Training Loss: 3.753885 	Validation Loss: 4.067950 Test Accuracy: 0.221
Epoch: 68 	Training Loss: 3.758210 	Validation Loss: 4.048660 Test Accuracy: 0.224
Epoch: 69 	Training Loss: 3.758790 	Validation Loss: 4.057948 Test Accuracy: 0.223
Epoch: 70 	Training Loss: 3.755347 	Validation Loss: 4.055178 Test Accuracy: 0.219
