libs loaded
vonenet_ff_ecoset
vonenet_ff_ecoset_blur
Neuronal distributions gabor parameters
Model:  VOneCORnet-S feedforward
starting training...
Epoch: 1 	Training Loss: 4.972239 	Validation Loss: 4.890280 Test Accuracy: 0.095
Epoch: 2 	Training Loss: 4.326839 	Validation Loss: 4.710359 Test Accuracy: 0.117
Epoch: 3 	Training Loss: 4.083054 	Validation Loss: 4.594349 Test Accuracy: 0.134
Epoch: 4 	Training Loss: 3.947312 	Validation Loss: 4.732022 Test Accuracy: 0.128
Epoch: 5 	Training Loss: 3.841126 	Validation Loss: 5.101635 Test Accuracy: 0.093
Epoch: 6 	Training Loss: 3.742343 	Validation Loss: 5.628427 Test Accuracy: 0.063
Epoch: 7 	Training Loss: 3.649316 	Validation Loss: 7.642754 Test Accuracy: 0.025
Epoch: 8 	Training Loss: 3.561781 	Validation Loss: 5.758299 Test Accuracy: 0.054
Epoch: 9 	Training Loss: 3.475118 	Validation Loss: 5.791942 Test Accuracy: 0.046
Epoch: 10 	Training Loss: 3.382071 	Validation Loss: 6.570352 Test Accuracy: 0.026
Epoch: 11 	Training Loss: 2.827598 	Validation Loss: 5.805429 Test Accuracy: 0.055
Epoch: 12 	Training Loss: 2.698205 	Validation Loss: 5.415240 Test Accuracy: 0.071
Epoch: 13 	Training Loss: 2.654537 	Validation Loss: 5.272412 Test Accuracy: 0.079
Epoch: 14 	Training Loss: 2.630412 	Validation Loss: 5.428978 Test Accuracy: 0.065
Epoch: 15 	Training Loss: 2.615359 	Validation Loss: 5.741864 Test Accuracy: 0.056
Epoch: 16 	Training Loss: 2.600487 	Validation Loss: 5.999905 Test Accuracy: 0.049
Epoch: 17 	Training Loss: 2.584634 	Validation Loss: 5.788317 Test Accuracy: 0.054
Epoch: 18 	Training Loss: 2.568970 	Validation Loss: 5.647407 Test Accuracy: 0.056
Epoch: 19 	Training Loss: 2.550609 	Validation Loss: 5.534821 Test Accuracy: 0.065
Epoch: 20 	Training Loss: 2.535120 	Validation Loss: 5.422527 Test Accuracy: 0.071
Epoch: 21 	Training Loss: 2.297761 	Validation Loss: 5.425477 Test Accuracy: 0.073
Epoch: 22 	Training Loss: 2.244659 	Validation Loss: 5.406829 Test Accuracy: 0.077
Epoch: 23 	Training Loss: 2.219744 	Validation Loss: 5.297820 Test Accuracy: 0.083
Epoch: 24 	Training Loss: 2.199255 	Validation Loss: 5.282110 Test Accuracy: 0.083
Epoch: 25 	Training Loss: 2.183693 	Validation Loss: 5.462791 Test Accuracy: 0.073
Epoch: 26 	Training Loss: 2.170232 	Validation Loss: 5.308935 Test Accuracy: 0.083
Epoch: 27 	Training Loss: 2.158626 	Validation Loss: 5.400822 Test Accuracy: 0.078
Epoch: 28 	Training Loss: 2.146255 	Validation Loss: 5.273586 Test Accuracy: 0.082
Epoch: 29 	Training Loss: 2.135914 	Validation Loss: 5.294709 Test Accuracy: 0.084
Epoch: 30 	Training Loss: 2.126341 	Validation Loss: 5.299121 Test Accuracy: 0.081
Epoch: 31 	Training Loss: 2.084697 	Validation Loss: 5.202945 Test Accuracy: 0.092
Epoch: 32 	Training Loss: 2.075754 	Validation Loss: 5.217361 Test Accuracy: 0.089
Epoch: 33 	Training Loss: 2.070748 	Validation Loss: 5.241012 Test Accuracy: 0.088
Epoch: 34 	Training Loss: 2.068870 	Validation Loss: 5.192767 Test Accuracy: 0.090
Epoch: 35 	Training Loss: 2.066603 	Validation Loss: 5.250176 Test Accuracy: 0.090
Epoch: 36 	Training Loss: 2.064296 	Validation Loss: 5.237665 Test Accuracy: 0.088
Epoch: 37 	Training Loss: 2.060368 	Validation Loss: 5.269490 Test Accuracy: 0.086
Epoch: 38 	Training Loss: 2.059342 	Validation Loss: 5.239744 Test Accuracy: 0.090
Epoch: 39 	Training Loss: 2.058044 	Validation Loss: 5.231071 Test Accuracy: 0.089
Epoch: 40 	Training Loss: 2.055293 	Validation Loss: 5.221410 Test Accuracy: 0.091
Epoch: 41 	Training Loss: 2.052018 	Validation Loss: 5.220854 Test Accuracy: 0.089
Epoch: 42 	Training Loss: 2.051416 	Validation Loss: 5.229009 Test Accuracy: 0.087
Epoch: 43 	Training Loss: 2.050023 	Validation Loss: 5.293854 Test Accuracy: 0.085
Epoch: 44 	Training Loss: 2.049236 	Validation Loss: 5.229688 Test Accuracy: 0.089
slurmstepd: error: *** JOB 1609921 ON mind-1-7 CANCELLED AT 2023-06-02T11:53:14 ***
