libs loaded
vonenet_ff_ecoset
vonenet_ff_ecoset
Neuronal distributions gabor parameters
Model:  VOneCORnet-S feedforward
=> loading checkpoint '/lab_data/behrmannlab/vlad/kornet/modelling/weights/vonenet_ff_ecoset_checkpoint_1.pth.tar'
=> loaded checkpoint '/lab_data/behrmannlab/vlad/kornet/modelling/weights/vonenet_ff_ecoset_checkpoint_1.pth.tar' (epoch 35)
starting training...
Epoch: 35 	Training Loss: 1.908259 	Validation Loss: 2.212660 Test Accuracy: 0.518
Epoch: 36 	Training Loss: 1.899738 	Validation Loss: 2.188312 Test Accuracy: 0.521
Epoch: 37 	Training Loss: 1.891958 	Validation Loss: 2.191891 Test Accuracy: 0.523
Epoch: 38 	Training Loss: 1.885287 	Validation Loss: 2.186071 Test Accuracy: 0.526
Epoch: 39 	Training Loss: 1.879774 	Validation Loss: 2.197438 Test Accuracy: 0.522
Epoch: 40 	Training Loss: 1.872096 	Validation Loss: 2.185240 Test Accuracy: 0.522
Epoch: 41 	Training Loss: 1.867532 	Validation Loss: 2.188330 Test Accuracy: 0.524
Epoch: 42 	Training Loss: 1.860422 	Validation Loss: 2.182980 Test Accuracy: 0.524
Epoch: 43 	Training Loss: 1.853457 	Validation Loss: 2.186269 Test Accuracy: 0.523
Epoch: 44 	Training Loss: 1.838994 	Validation Loss: 2.167574 Test Accuracy: 0.527
Epoch: 45 	Training Loss: 1.792514 	Validation Loss: 2.116580 Test Accuracy: 0.540
Epoch: 46 	Training Loss: 1.775235 	Validation Loss: 2.105626 Test Accuracy: 0.541
Epoch: 47 	Training Loss: 1.768599 	Validation Loss: 2.108324 Test Accuracy: 0.538
Epoch: 48 	Training Loss: 1.759589 	Validation Loss: 2.128672 Test Accuracy: 0.535
Epoch: 49 	Training Loss: 1.752423 	Validation Loss: 2.119071 Test Accuracy: 0.539
Epoch: 50 	Training Loss: 1.741166 	Validation Loss: 2.101809 Test Accuracy: 0.539
Epoch: 51 	Training Loss: 1.731013 	Validation Loss: 2.112239 Test Accuracy: 0.541
Epoch: 52 	Training Loss: 1.719628 	Validation Loss: 2.120408 Test Accuracy: 0.537
Epoch: 53 	Training Loss: 1.702384 	Validation Loss: 2.112077 Test Accuracy: 0.540
Epoch: 54 	Training Loss: 1.679700 	Validation Loss: 2.103092 Test Accuracy: 0.541
Epoch: 55 	Training Loss: 1.744569 	Validation Loss: 2.123619 Test Accuracy: 0.538
Epoch: 56 	Training Loss: 1.741462 	Validation Loss: 2.116499 Test Accuracy: 0.542
Epoch: 57 	Training Loss: 1.740618 	Validation Loss: 2.103152 Test Accuracy: 0.542
Epoch: 58 	Training Loss: 1.736813 	Validation Loss: 2.101288 Test Accuracy: 0.539
Epoch: 59 	Training Loss: 1.736590 	Validation Loss: 2.098597 Test Accuracy: 0.542
Epoch: 60 	Training Loss: 1.734690 	Validation Loss: 2.105596 Test Accuracy: 0.540
Epoch: 61 	Training Loss: 1.731973 	Validation Loss: 2.096040 Test Accuracy: 0.542
Epoch: 62 	Training Loss: 1.730063 	Validation Loss: 2.092440 Test Accuracy: 0.541
Epoch: 63 	Training Loss: 1.727338 	Validation Loss: 2.099002 Test Accuracy: 0.540
Epoch: 64 	Training Loss: 1.753149 	Validation Loss: 2.100704 Test Accuracy: 0.542
Epoch: 65 	Training Loss: 1.754360 	Validation Loss: 2.108722 Test Accuracy: 0.543
Epoch: 66 	Training Loss: 1.753346 	Validation Loss: 2.103786 Test Accuracy: 0.540
Epoch: 67 	Training Loss: 1.752509 	Validation Loss: 2.105724 Test Accuracy: 0.542
Epoch: 68 	Training Loss: 1.752686 	Validation Loss: 2.113154 Test Accuracy: 0.538
Epoch: 69 	Training Loss: 1.753756 	Validation Loss: 2.113043 Test Accuracy: 0.540
Epoch: 70 	Training Loss: 1.753479 	Validation Loss: 2.103642 Test Accuracy: 0.542
